03:50:22 INFO  : Registering command handlers for SDK TCF services
03:50:22 INFO  : Launching XSCT server: xsct.bat -interactive C:\Users\zhouzhiwen\Desktop\antsdr_standalone\hdl\projects\antsdr_e310\antsdr_lvds\antsdr_ccbob_lvds.sdk\temp_xsdb_launch_script.tcl
03:50:24 INFO  : XSCT server has started successfully.
03:50:25 INFO  : Successfully done setting XSCT server connection channel  
03:50:25 INFO  : Successfully done setting SDK workspace  
03:50:25 INFO  : Processing command line option -hwspec C:/Users/zhouzhiwen/Desktop/antsdr_standalone/hdl/projects/antsdr_e310/antsdr_lvds/antsdr_ccbob_lvds.sdk/system_top.hdf.
00:35:18 INFO  : Registering command handlers for SDK TCF services
00:35:19 INFO  : Launching XSCT server: xsct.bat -interactive C:\Users\zhouzhiwen\Desktop\antsdr_standalone\hdl\projects\antsdr_e310\antsdr_lvds\antsdr_ccbob_lvds.sdk\temp_xsdb_launch_script.tcl
00:35:21 INFO  : XSCT server has started successfully.
00:35:21 INFO  : Successfully done setting XSCT server connection channel  
00:35:21 INFO  : Successfully done setting SDK workspace  
00:35:21 INFO  : Processing command line option -hwspec C:/Users/zhouzhiwen/Desktop/antsdr_standalone/hdl/projects/antsdr_e310/antsdr_lvds/antsdr_ccbob_lvds.sdk/system_top.hdf.
00:35:21 INFO  : Checking for hwspec changes in the project system_top_hw_platform_0.
00:35:23 INFO  : SDK has detected change in the last modified timestamps for source hardware specification file Source:1648917273694,  Project:1647200941537
00:35:23 INFO  : The hardware specification for project 'system_top_hw_platform_0' is different from C:/Users/zhouzhiwen/Desktop/antsdr_standalone/hdl/projects/antsdr_e310/antsdr_lvds/antsdr_ccbob_lvds.sdk/system_top.hdf.
00:35:23 INFO  : Copied contents of C:/Users/zhouzhiwen/Desktop/antsdr_standalone/hdl/projects/antsdr_e310/antsdr_lvds/antsdr_ccbob_lvds.sdk/system_top.hdf into \system_top_hw_platform_0\system.hdf.
00:35:25 INFO  : Synchronizing projects in the workspace with the hardware platform specification changes.
00:35:28 INFO  : 
00:35:28 INFO  : Updating hardware inferred compiler options for sdr.
00:35:28 INFO  : Clearing existing target manager status.
00:37:01 INFO  : Registering command handlers for SDK TCF services
00:37:01 INFO  : Launching XSCT server: xsct.bat -interactive C:\Users\zhouzhiwen\Desktop\antsdr_standalone\hdl\projects\antsdr_e310\antsdr_lvds\antsdr_ccbob_lvds.sdk\temp_xsdb_launch_script.tcl
00:37:03 INFO  : XSCT server has started successfully.
00:37:03 INFO  : Successfully done setting XSCT server connection channel  
00:37:04 INFO  : Successfully done setting SDK workspace  
00:37:04 INFO  : Processing command line option -hwspec C:/Users/zhouzhiwen/Desktop/antsdr_standalone/hdl/projects/antsdr_e310/antsdr_lvds/antsdr_ccbob_lvds.sdk/system_top.hdf.
00:42:01 INFO  : 'targets -set -filter {jtag_cable_name =~ "Digilent JTAG-HS2 201706300081" && level==0} -index 1' command is executed.
00:42:01 INFO  : 'fpga -state' command is executed.
00:42:01 INFO  : Connected to target on host '127.0.0.1' and port '3121'.
00:42:01 INFO  : Jtag cable 'Digilent JTAG-HS2 201706300081' is selected.
00:42:01 INFO  : 'jtag frequency' command is executed.
00:42:01 INFO  : Sourcing of 'C:/Users/zhouzhiwen/Desktop/antsdr_standalone/hdl/projects/antsdr_e310/antsdr_lvds/antsdr_ccbob_lvds.sdk/system_top_hw_platform_0/ps7_init.tcl' is done.
00:42:01 INFO  : Context for 'APU' is selected.
00:42:01 INFO  : Hardware design information is loaded from 'C:/Users/zhouzhiwen/Desktop/antsdr_standalone/hdl/projects/antsdr_e310/antsdr_lvds/antsdr_ccbob_lvds.sdk/system_top_hw_platform_0/system.hdf'.
00:42:01 INFO  : 'configparams force-mem-access 1' command is executed.
00:42:01 INFO  : Context for 'APU' is selected.
00:42:01 INFO  : 'stop' command is executed.
00:42:01 INFO  : 'ps7_init' command is executed.
00:42:01 INFO  : 'ps7_post_config' command is executed.
00:42:01 INFO  : Context for processor 'ps7_cortexa9_0' is selected.
00:42:01 INFO  : Processor reset is completed for 'ps7_cortexa9_0'.
00:42:01 INFO  : Context for processor 'ps7_cortexa9_0' is selected.
00:42:02 INFO  : The application 'C:/Users/zhouzhiwen/Desktop/antsdr_standalone/hdl/projects/antsdr_e310/antsdr_lvds/antsdr_ccbob_lvds.sdk/sdr/Debug/sdr.elf' is downloaded to processor 'ps7_cortexa9_0'.
00:42:02 INFO  : 'configparams force-mem-access 0' command is executed.
00:42:02 INFO  : ----------------XSDB Script----------------
connect -url tcp:127.0.0.1:3121
source C:/Users/zhouzhiwen/Desktop/antsdr_standalone/hdl/projects/antsdr_e310/antsdr_lvds/antsdr_ccbob_lvds.sdk/system_top_hw_platform_0/ps7_init.tcl
targets -set -nocase -filter {name =~"APU*" && jtag_cable_name =~ "Digilent JTAG-HS2 201706300081"} -index 0
loadhw -hw C:/Users/zhouzhiwen/Desktop/antsdr_standalone/hdl/projects/antsdr_e310/antsdr_lvds/antsdr_ccbob_lvds.sdk/system_top_hw_platform_0/system.hdf -mem-ranges [list {0x40000000 0xbfffffff}]
configparams force-mem-access 1
targets -set -nocase -filter {name =~"APU*" && jtag_cable_name =~ "Digilent JTAG-HS2 201706300081"} -index 0
stop
ps7_init
ps7_post_config
targets -set -nocase -filter {name =~ "ARM*#0" && jtag_cable_name =~ "Digilent JTAG-HS2 201706300081"} -index 0
rst -processor
targets -set -nocase -filter {name =~ "ARM*#0" && jtag_cable_name =~ "Digilent JTAG-HS2 201706300081"} -index 0
dow C:/Users/zhouzhiwen/Desktop/antsdr_standalone/hdl/projects/antsdr_e310/antsdr_lvds/antsdr_ccbob_lvds.sdk/sdr/Debug/sdr.elf
configparams force-mem-access 0
----------------End of Script----------------

00:42:02 INFO  : Memory regions updated for context APU
00:42:02 INFO  : Context for processor 'ps7_cortexa9_0' is selected.
00:42:02 INFO  : 'con' command is executed.
00:42:02 INFO  : ----------------XSDB Script (After Launch)----------------
targets -set -nocase -filter {name =~ "ARM*#0" && jtag_cable_name =~ "Digilent JTAG-HS2 201706300081"} -index 0
con
----------------End of Script----------------

00:42:02 INFO  : Launch script is exported to file 'C:\Users\zhouzhiwen\Desktop\antsdr_standalone\hdl\projects\antsdr_e310\antsdr_lvds\antsdr_ccbob_lvds.sdk\.sdk\launch_scripts\xilinx_c-c++_application_(system_debugger)\system_debugger_using_debug_sdr.elf_on_local.tcl'
00:42:21 INFO  : Disconnected from the channel tcfchan#1.
00:42:22 INFO  : 'targets -set -filter {jtag_cable_name =~ "Digilent JTAG-HS2 201706300081" && level==0} -index 1' command is executed.
00:42:22 INFO  : 'fpga -state' command is executed.
00:42:22 INFO  : Connected to target on host '127.0.0.1' and port '3121'.
00:42:22 INFO  : Jtag cable 'Digilent JTAG-HS2 201706300081' is selected.
00:42:22 INFO  : 'jtag frequency' command is executed.
00:42:22 INFO  : Sourcing of 'C:/Users/zhouzhiwen/Desktop/antsdr_standalone/hdl/projects/antsdr_e310/antsdr_lvds/antsdr_ccbob_lvds.sdk/system_top_hw_platform_0/ps7_init.tcl' is done.
00:42:22 INFO  : Context for 'APU' is selected.
00:42:24 INFO  : Hardware design information is loaded from 'C:/Users/zhouzhiwen/Desktop/antsdr_standalone/hdl/projects/antsdr_e310/antsdr_lvds/antsdr_ccbob_lvds.sdk/system_top_hw_platform_0/system.hdf'.
00:42:24 INFO  : 'configparams force-mem-access 1' command is executed.
00:42:24 INFO  : Context for 'APU' is selected.
00:42:24 INFO  : 'stop' command is executed.
00:42:24 INFO  : 'ps7_init' command is executed.
00:42:24 INFO  : 'ps7_post_config' command is executed.
00:42:24 INFO  : Context for processor 'ps7_cortexa9_0' is selected.
00:42:24 INFO  : Processor reset is completed for 'ps7_cortexa9_0'.
00:42:24 INFO  : Context for processor 'ps7_cortexa9_0' is selected.
00:42:25 INFO  : The application 'C:/Users/zhouzhiwen/Desktop/antsdr_standalone/hdl/projects/antsdr_e310/antsdr_lvds/antsdr_ccbob_lvds.sdk/sdr/Debug/sdr.elf' is downloaded to processor 'ps7_cortexa9_0'.
00:42:25 INFO  : 'configparams force-mem-access 0' command is executed.
00:42:25 INFO  : ----------------XSDB Script----------------
connect -url tcp:127.0.0.1:3121
source C:/Users/zhouzhiwen/Desktop/antsdr_standalone/hdl/projects/antsdr_e310/antsdr_lvds/antsdr_ccbob_lvds.sdk/system_top_hw_platform_0/ps7_init.tcl
targets -set -nocase -filter {name =~"APU*" && jtag_cable_name =~ "Digilent JTAG-HS2 201706300081"} -index 0
loadhw -hw C:/Users/zhouzhiwen/Desktop/antsdr_standalone/hdl/projects/antsdr_e310/antsdr_lvds/antsdr_ccbob_lvds.sdk/system_top_hw_platform_0/system.hdf -mem-ranges [list {0x40000000 0xbfffffff}]
configparams force-mem-access 1
targets -set -nocase -filter {name =~"APU*" && jtag_cable_name =~ "Digilent JTAG-HS2 201706300081"} -index 0
stop
ps7_init
ps7_post_config
targets -set -nocase -filter {name =~ "ARM*#0" && jtag_cable_name =~ "Digilent JTAG-HS2 201706300081"} -index 0
rst -processor
targets -set -nocase -filter {name =~ "ARM*#0" && jtag_cable_name =~ "Digilent JTAG-HS2 201706300081"} -index 0
dow C:/Users/zhouzhiwen/Desktop/antsdr_standalone/hdl/projects/antsdr_e310/antsdr_lvds/antsdr_ccbob_lvds.sdk/sdr/Debug/sdr.elf
configparams force-mem-access 0
----------------End of Script----------------

00:42:25 INFO  : Memory regions updated for context APU
00:42:25 INFO  : Context for processor 'ps7_cortexa9_0' is selected.
00:42:25 INFO  : 'con' command is executed.
00:42:25 INFO  : ----------------XSDB Script (After Launch)----------------
targets -set -nocase -filter {name =~ "ARM*#0" && jtag_cable_name =~ "Digilent JTAG-HS2 201706300081"} -index 0
con
----------------End of Script----------------

00:42:25 INFO  : Launch script is exported to file 'C:\Users\zhouzhiwen\Desktop\antsdr_standalone\hdl\projects\antsdr_e310\antsdr_lvds\antsdr_ccbob_lvds.sdk\.sdk\launch_scripts\xilinx_c-c++_application_(system_debugger)\system_debugger_using_debug_sdr.elf_on_local.tcl'
00:42:33 INFO  : Disconnected from the channel tcfchan#2.
00:42:34 INFO  : 'targets -set -filter {jtag_cable_name =~ "Digilent JTAG-HS2 201706300081" && level==0} -index 1' command is executed.
00:42:34 INFO  : 'fpga -state' command is executed.
00:42:34 INFO  : Connected to target on host '127.0.0.1' and port '3121'.
00:42:34 INFO  : Jtag cable 'Digilent JTAG-HS2 201706300081' is selected.
00:42:34 INFO  : 'jtag frequency' command is executed.
00:42:34 INFO  : Sourcing of 'C:/Users/zhouzhiwen/Desktop/antsdr_standalone/hdl/projects/antsdr_e310/antsdr_lvds/antsdr_ccbob_lvds.sdk/system_top_hw_platform_0/ps7_init.tcl' is done.
00:42:34 INFO  : Context for 'APU' is selected.
00:42:35 INFO  : Hardware design information is loaded from 'C:/Users/zhouzhiwen/Desktop/antsdr_standalone/hdl/projects/antsdr_e310/antsdr_lvds/antsdr_ccbob_lvds.sdk/system_top_hw_platform_0/system.hdf'.
00:42:35 INFO  : 'configparams force-mem-access 1' command is executed.
00:42:35 INFO  : Context for 'APU' is selected.
00:42:35 INFO  : 'stop' command is executed.
00:42:35 INFO  : 'ps7_init' command is executed.
00:42:35 INFO  : 'ps7_post_config' command is executed.
00:42:35 INFO  : Context for processor 'ps7_cortexa9_0' is selected.
00:42:35 INFO  : Processor reset is completed for 'ps7_cortexa9_0'.
00:42:35 INFO  : Context for processor 'ps7_cortexa9_0' is selected.
00:42:36 INFO  : The application 'C:/Users/zhouzhiwen/Desktop/antsdr_standalone/hdl/projects/antsdr_e310/antsdr_lvds/antsdr_ccbob_lvds.sdk/sdr/Debug/sdr.elf' is downloaded to processor 'ps7_cortexa9_0'.
00:42:36 INFO  : 'configparams force-mem-access 0' command is executed.
00:42:36 INFO  : ----------------XSDB Script----------------
connect -url tcp:127.0.0.1:3121
source C:/Users/zhouzhiwen/Desktop/antsdr_standalone/hdl/projects/antsdr_e310/antsdr_lvds/antsdr_ccbob_lvds.sdk/system_top_hw_platform_0/ps7_init.tcl
targets -set -nocase -filter {name =~"APU*" && jtag_cable_name =~ "Digilent JTAG-HS2 201706300081"} -index 0
loadhw -hw C:/Users/zhouzhiwen/Desktop/antsdr_standalone/hdl/projects/antsdr_e310/antsdr_lvds/antsdr_ccbob_lvds.sdk/system_top_hw_platform_0/system.hdf -mem-ranges [list {0x40000000 0xbfffffff}]
configparams force-mem-access 1
targets -set -nocase -filter {name =~"APU*" && jtag_cable_name =~ "Digilent JTAG-HS2 201706300081"} -index 0
stop
ps7_init
ps7_post_config
targets -set -nocase -filter {name =~ "ARM*#0" && jtag_cable_name =~ "Digilent JTAG-HS2 201706300081"} -index 0
rst -processor
targets -set -nocase -filter {name =~ "ARM*#0" && jtag_cable_name =~ "Digilent JTAG-HS2 201706300081"} -index 0
dow C:/Users/zhouzhiwen/Desktop/antsdr_standalone/hdl/projects/antsdr_e310/antsdr_lvds/antsdr_ccbob_lvds.sdk/sdr/Debug/sdr.elf
configparams force-mem-access 0
----------------End of Script----------------

00:42:36 INFO  : Memory regions updated for context APU
00:42:36 INFO  : Context for processor 'ps7_cortexa9_0' is selected.
00:42:36 INFO  : 'con' command is executed.
00:42:36 INFO  : ----------------XSDB Script (After Launch)----------------
targets -set -nocase -filter {name =~ "ARM*#0" && jtag_cable_name =~ "Digilent JTAG-HS2 201706300081"} -index 0
con
----------------End of Script----------------

00:42:36 INFO  : Launch script is exported to file 'C:\Users\zhouzhiwen\Desktop\antsdr_standalone\hdl\projects\antsdr_e310\antsdr_lvds\antsdr_ccbob_lvds.sdk\.sdk\launch_scripts\xilinx_c-c++_application_(system_debugger)\system_debugger_using_debug_sdr.elf_on_local.tcl'
00:43:03 INFO  : Disconnected from the channel tcfchan#3.
15:49:02 INFO  : Registering command handlers for SDK TCF services
15:49:03 INFO  : Launching XSCT server: xsct.bat -interactive C:\Users\zhouzhiwen\Desktop\antsdr_standalone\hdl\projects\antsdr_e310\antsdr_lvds\antsdr_ccbob_lvds.sdk\temp_xsdb_launch_script.tcl
15:49:05 INFO  : XSCT server has started successfully.
15:49:05 INFO  : Successfully done setting XSCT server connection channel  
15:49:06 INFO  : Successfully done setting SDK workspace  
15:49:06 INFO  : Processing command line option -hwspec C:/Users/zhouzhiwen/Desktop/antsdr_standalone/hdl/projects/antsdr_e310/antsdr_lvds/antsdr_ccbob_lvds.sdk/system_top.hdf.
15:49:06 INFO  : Checking for hwspec changes in the project system_top_hw_platform_0.
17:42:38 INFO  : 'targets -set -filter {jtag_cable_name =~ "Digilent JTAG-HS2 201706300081" && level==0} -index 1' command is executed.
17:42:38 INFO  : 'fpga -state' command is executed.
17:42:38 INFO  : Connected to target on host '127.0.0.1' and port '3121'.
17:42:38 INFO  : Jtag cable 'Digilent JTAG-HS2 201706300081' is selected.
17:42:38 INFO  : 'jtag frequency' command is executed.
17:42:38 INFO  : Sourcing of 'C:/Users/zhouzhiwen/Desktop/antsdr_standalone/hdl/projects/antsdr_e310/antsdr_lvds/antsdr_ccbob_lvds.sdk/system_top_hw_platform_0/ps7_init.tcl' is done.
17:42:38 INFO  : Context for 'APU' is selected.
17:42:38 INFO  : Hardware design information is loaded from 'C:/Users/zhouzhiwen/Desktop/antsdr_standalone/hdl/projects/antsdr_e310/antsdr_lvds/antsdr_ccbob_lvds.sdk/system_top_hw_platform_0/system.hdf'.
17:42:38 INFO  : 'configparams force-mem-access 1' command is executed.
17:42:38 INFO  : Context for 'APU' is selected.
17:42:38 INFO  : 'stop' command is executed.
17:42:38 INFO  : 'ps7_init' command is executed.
17:42:38 INFO  : 'ps7_post_config' command is executed.
17:42:38 INFO  : Context for processor 'ps7_cortexa9_0' is selected.
17:42:38 INFO  : Processor reset is completed for 'ps7_cortexa9_0'.
17:42:38 INFO  : Context for processor 'ps7_cortexa9_0' is selected.
17:42:39 INFO  : The application 'C:/Users/zhouzhiwen/Desktop/antsdr_standalone/hdl/projects/antsdr_e310/antsdr_lvds/antsdr_ccbob_lvds.sdk/sdr/Debug/sdr.elf' is downloaded to processor 'ps7_cortexa9_0'.
17:42:39 INFO  : 'configparams force-mem-access 0' command is executed.
17:42:39 INFO  : ----------------XSDB Script----------------
connect -url tcp:127.0.0.1:3121
source C:/Users/zhouzhiwen/Desktop/antsdr_standalone/hdl/projects/antsdr_e310/antsdr_lvds/antsdr_ccbob_lvds.sdk/system_top_hw_platform_0/ps7_init.tcl
targets -set -nocase -filter {name =~"APU*" && jtag_cable_name =~ "Digilent JTAG-HS2 201706300081"} -index 0
loadhw -hw C:/Users/zhouzhiwen/Desktop/antsdr_standalone/hdl/projects/antsdr_e310/antsdr_lvds/antsdr_ccbob_lvds.sdk/system_top_hw_platform_0/system.hdf -mem-ranges [list {0x40000000 0xbfffffff}]
configparams force-mem-access 1
targets -set -nocase -filter {name =~"APU*" && jtag_cable_name =~ "Digilent JTAG-HS2 201706300081"} -index 0
stop
ps7_init
ps7_post_config
targets -set -nocase -filter {name =~ "ARM*#0" && jtag_cable_name =~ "Digilent JTAG-HS2 201706300081"} -index 0
rst -processor
targets -set -nocase -filter {name =~ "ARM*#0" && jtag_cable_name =~ "Digilent JTAG-HS2 201706300081"} -index 0
dow C:/Users/zhouzhiwen/Desktop/antsdr_standalone/hdl/projects/antsdr_e310/antsdr_lvds/antsdr_ccbob_lvds.sdk/sdr/Debug/sdr.elf
configparams force-mem-access 0
----------------End of Script----------------

17:42:39 INFO  : Memory regions updated for context APU
17:42:39 INFO  : Context for processor 'ps7_cortexa9_0' is selected.
17:42:39 INFO  : 'con' command is executed.
17:42:39 INFO  : ----------------XSDB Script (After Launch)----------------
targets -set -nocase -filter {name =~ "ARM*#0" && jtag_cable_name =~ "Digilent JTAG-HS2 201706300081"} -index 0
con
----------------End of Script----------------

17:42:39 INFO  : Launch script is exported to file 'C:\Users\zhouzhiwen\Desktop\antsdr_standalone\hdl\projects\antsdr_e310\antsdr_lvds\antsdr_ccbob_lvds.sdk\.sdk\launch_scripts\xilinx_c-c++_application_(system_debugger)\system_debugger_using_debug_sdr.elf_on_local.tcl'
17:43:00 INFO  : Disconnected from the channel tcfchan#1.
17:43:01 INFO  : 'targets -set -filter {jtag_cable_name =~ "Digilent JTAG-HS2 201706300081" && level==0} -index 1' command is executed.
17:43:01 INFO  : 'fpga -state' command is executed.
17:43:01 INFO  : Connected to target on host '127.0.0.1' and port '3121'.
17:43:01 INFO  : Jtag cable 'Digilent JTAG-HS2 201706300081' is selected.
17:43:01 INFO  : 'jtag frequency' command is executed.
17:43:01 INFO  : Sourcing of 'C:/Users/zhouzhiwen/Desktop/antsdr_standalone/hdl/projects/antsdr_e310/antsdr_lvds/antsdr_ccbob_lvds.sdk/system_top_hw_platform_0/ps7_init.tcl' is done.
17:43:01 INFO  : Context for 'APU' is selected.
17:43:03 INFO  : Hardware design information is loaded from 'C:/Users/zhouzhiwen/Desktop/antsdr_standalone/hdl/projects/antsdr_e310/antsdr_lvds/antsdr_ccbob_lvds.sdk/system_top_hw_platform_0/system.hdf'.
17:43:03 INFO  : 'configparams force-mem-access 1' command is executed.
17:43:03 INFO  : Context for 'APU' is selected.
17:43:03 INFO  : 'stop' command is executed.
17:43:03 INFO  : 'ps7_init' command is executed.
17:43:03 INFO  : 'ps7_post_config' command is executed.
17:43:03 INFO  : Context for processor 'ps7_cortexa9_0' is selected.
17:43:03 INFO  : Processor reset is completed for 'ps7_cortexa9_0'.
17:43:03 INFO  : Context for processor 'ps7_cortexa9_0' is selected.
17:43:04 INFO  : The application 'C:/Users/zhouzhiwen/Desktop/antsdr_standalone/hdl/projects/antsdr_e310/antsdr_lvds/antsdr_ccbob_lvds.sdk/sdr/Debug/sdr.elf' is downloaded to processor 'ps7_cortexa9_0'.
17:43:04 INFO  : 'configparams force-mem-access 0' command is executed.
17:43:04 INFO  : ----------------XSDB Script----------------
connect -url tcp:127.0.0.1:3121
source C:/Users/zhouzhiwen/Desktop/antsdr_standalone/hdl/projects/antsdr_e310/antsdr_lvds/antsdr_ccbob_lvds.sdk/system_top_hw_platform_0/ps7_init.tcl
targets -set -nocase -filter {name =~"APU*" && jtag_cable_name =~ "Digilent JTAG-HS2 201706300081"} -index 0
loadhw -hw C:/Users/zhouzhiwen/Desktop/antsdr_standalone/hdl/projects/antsdr_e310/antsdr_lvds/antsdr_ccbob_lvds.sdk/system_top_hw_platform_0/system.hdf -mem-ranges [list {0x40000000 0xbfffffff}]
configparams force-mem-access 1
targets -set -nocase -filter {name =~"APU*" && jtag_cable_name =~ "Digilent JTAG-HS2 201706300081"} -index 0
stop
ps7_init
ps7_post_config
targets -set -nocase -filter {name =~ "ARM*#0" && jtag_cable_name =~ "Digilent JTAG-HS2 201706300081"} -index 0
rst -processor
targets -set -nocase -filter {name =~ "ARM*#0" && jtag_cable_name =~ "Digilent JTAG-HS2 201706300081"} -index 0
dow C:/Users/zhouzhiwen/Desktop/antsdr_standalone/hdl/projects/antsdr_e310/antsdr_lvds/antsdr_ccbob_lvds.sdk/sdr/Debug/sdr.elf
configparams force-mem-access 0
----------------End of Script----------------

17:43:04 INFO  : Memory regions updated for context APU
17:43:04 INFO  : Context for processor 'ps7_cortexa9_0' is selected.
17:43:04 INFO  : 'con' command is executed.
17:43:04 INFO  : ----------------XSDB Script (After Launch)----------------
targets -set -nocase -filter {name =~ "ARM*#0" && jtag_cable_name =~ "Digilent JTAG-HS2 201706300081"} -index 0
con
----------------End of Script----------------

17:43:04 INFO  : Launch script is exported to file 'C:\Users\zhouzhiwen\Desktop\antsdr_standalone\hdl\projects\antsdr_e310\antsdr_lvds\antsdr_ccbob_lvds.sdk\.sdk\launch_scripts\xilinx_c-c++_application_(system_debugger)\system_debugger_using_debug_sdr.elf_on_local.tcl'
17:43:33 INFO  : Disconnected from the channel tcfchan#2.
17:43:34 INFO  : 'targets -set -filter {jtag_cable_name =~ "Digilent JTAG-HS2 201706300081" && level==0} -index 1' command is executed.
17:43:34 INFO  : 'fpga -state' command is executed.
17:43:34 INFO  : Connected to target on host '127.0.0.1' and port '3121'.
17:43:34 INFO  : Jtag cable 'Digilent JTAG-HS2 201706300081' is selected.
17:43:34 INFO  : 'jtag frequency' command is executed.
17:43:34 INFO  : Sourcing of 'C:/Users/zhouzhiwen/Desktop/antsdr_standalone/hdl/projects/antsdr_e310/antsdr_lvds/antsdr_ccbob_lvds.sdk/system_top_hw_platform_0/ps7_init.tcl' is done.
17:43:34 INFO  : Context for 'APU' is selected.
17:43:35 INFO  : Hardware design information is loaded from 'C:/Users/zhouzhiwen/Desktop/antsdr_standalone/hdl/projects/antsdr_e310/antsdr_lvds/antsdr_ccbob_lvds.sdk/system_top_hw_platform_0/system.hdf'.
17:43:35 INFO  : 'configparams force-mem-access 1' command is executed.
17:43:35 INFO  : Context for 'APU' is selected.
17:43:35 INFO  : 'stop' command is executed.
17:43:36 INFO  : 'ps7_init' command is executed.
17:43:36 INFO  : 'ps7_post_config' command is executed.
17:43:36 INFO  : Context for processor 'ps7_cortexa9_0' is selected.
17:43:36 INFO  : Processor reset is completed for 'ps7_cortexa9_0'.
17:43:36 INFO  : Context for processor 'ps7_cortexa9_0' is selected.
17:43:36 INFO  : The application 'C:/Users/zhouzhiwen/Desktop/antsdr_standalone/hdl/projects/antsdr_e310/antsdr_lvds/antsdr_ccbob_lvds.sdk/sdr/Debug/sdr.elf' is downloaded to processor 'ps7_cortexa9_0'.
17:43:36 INFO  : 'configparams force-mem-access 0' command is executed.
17:43:36 INFO  : ----------------XSDB Script----------------
connect -url tcp:127.0.0.1:3121
source C:/Users/zhouzhiwen/Desktop/antsdr_standalone/hdl/projects/antsdr_e310/antsdr_lvds/antsdr_ccbob_lvds.sdk/system_top_hw_platform_0/ps7_init.tcl
targets -set -nocase -filter {name =~"APU*" && jtag_cable_name =~ "Digilent JTAG-HS2 201706300081"} -index 0
loadhw -hw C:/Users/zhouzhiwen/Desktop/antsdr_standalone/hdl/projects/antsdr_e310/antsdr_lvds/antsdr_ccbob_lvds.sdk/system_top_hw_platform_0/system.hdf -mem-ranges [list {0x40000000 0xbfffffff}]
configparams force-mem-access 1
targets -set -nocase -filter {name =~"APU*" && jtag_cable_name =~ "Digilent JTAG-HS2 201706300081"} -index 0
stop
ps7_init
ps7_post_config
targets -set -nocase -filter {name =~ "ARM*#0" && jtag_cable_name =~ "Digilent JTAG-HS2 201706300081"} -index 0
rst -processor
targets -set -nocase -filter {name =~ "ARM*#0" && jtag_cable_name =~ "Digilent JTAG-HS2 201706300081"} -index 0
dow C:/Users/zhouzhiwen/Desktop/antsdr_standalone/hdl/projects/antsdr_e310/antsdr_lvds/antsdr_ccbob_lvds.sdk/sdr/Debug/sdr.elf
configparams force-mem-access 0
----------------End of Script----------------

17:43:36 INFO  : Memory regions updated for context APU
17:43:37 INFO  : Context for processor 'ps7_cortexa9_0' is selected.
17:43:37 INFO  : 'con' command is executed.
17:43:37 INFO  : ----------------XSDB Script (After Launch)----------------
targets -set -nocase -filter {name =~ "ARM*#0" && jtag_cable_name =~ "Digilent JTAG-HS2 201706300081"} -index 0
con
----------------End of Script----------------

17:43:37 INFO  : Launch script is exported to file 'C:\Users\zhouzhiwen\Desktop\antsdr_standalone\hdl\projects\antsdr_e310\antsdr_lvds\antsdr_ccbob_lvds.sdk\.sdk\launch_scripts\xilinx_c-c++_application_(system_debugger)\system_debugger_using_debug_sdr.elf_on_local.tcl'
17:43:53 INFO  : Disconnected from the channel tcfchan#3.
