Copyright 1986-2018 Xilinx, Inc. All Rights Reserved.
------------------------------------------------------------------------------------
| Tool Version : Vivado v.2018.3 (win64) Build 2405991 Thu Dec  6 23:38:27 MST 2018
| Date         : Wed Apr 13 02:24:35 2022
| Host         : Home-PC running 64-bit major release  (build 9200)
| Command      : upgrade_ip
| Device       : xc7z020clg400-2
------------------------------------------------------------------------------------

Upgrade Log for IP 'system_axi_delay_counter_0_0'

1. Summary
----------

SUCCESS in the upgrade of system_axi_delay_counter_0_0 (xilinx.com:user:axi_delay_counter:1.0) from (Rev. 3) to (Rev. 4)






Copyright 1986-2018 Xilinx, Inc. All Rights Reserved.
------------------------------------------------------------------------------------
| Tool Version : Vivado v.2018.3 (win64) Build 2405991 Thu Dec  6 23:38:27 MST 2018
| Date         : Wed Apr 13 01:57:05 2022
| Host         : Home-PC running 64-bit major release  (build 9200)
| Command      : upgrade_ip
| Device       : xc7z020clg400-2
------------------------------------------------------------------------------------

Upgrade Log for IP 'system_axi_delay_counter_0_0'

1. Summary
----------

SUCCESS in the upgrade of system_axi_delay_counter_0_0 (xilinx.com:user:axi_delay_counter:1.0) from (Rev. 2) to (Rev. 3)






Copyright 1986-2018 Xilinx, Inc. All Rights Reserved.
------------------------------------------------------------------------------------
| Tool Version : Vivado v.2018.3 (win64) Build 2405991 Thu Dec  6 23:38:27 MST 2018
| Date         : Tue Apr 12 23:55:02 2022
| Host         : Home-PC running 64-bit major release  (build 9200)
| Command      : upgrade_ip
| Device       : xc7z020clg400-2
------------------------------------------------------------------------------------

Upgrade Log for IP 'system_util_ad9361_dac_upack_0'

1. Summary
----------

SUCCESS in the conversion of system_util_ad9361_dac_upack_0 (analog.com:user:util_upack2:1.0 (Rev. 1)) to Vivado generation flows.






Copyright 1986-2018 Xilinx, Inc. All Rights Reserved.
------------------------------------------------------------------------------------
| Tool Version : Vivado v.2018.3 (win64) Build 2405991 Thu Dec  6 23:38:27 MST 2018
| Date         : Tue Apr 12 23:55:02 2022
| Host         : Home-PC running 64-bit major release  (build 9200)
| Command      : upgrade_ip
| Device       : xc7z020clg400-2
------------------------------------------------------------------------------------

Upgrade Log for IP 'system_util_ad9361_adc_pack_0'

1. Summary
----------

SUCCESS in the conversion of system_util_ad9361_adc_pack_0 (analog.com:user:util_cpack2:1.0 (Rev. 1)) to Vivado generation flows.






Copyright 1986-2018 Xilinx, Inc. All Rights Reserved.
------------------------------------------------------------------------------------
| Tool Version : Vivado v.2018.3 (win64) Build 2405991 Thu Dec  6 23:38:27 MST 2018
| Date         : Tue Apr 12 23:39:11 2022
| Host         : Home-PC running 64-bit major release  (build 9200)
| Command      : upgrade_ip
| Device       : xc7z020clg400-2
------------------------------------------------------------------------------------

Upgrade Log for IP 'system_util_ad9361_dac_upack_0'

1. Summary
----------

SUCCESS in the conversion of system_util_ad9361_dac_upack_0 (analog.com:user:util_upack2:1.0 (Rev. 1)) to Vivado generation flows.






Copyright 1986-2018 Xilinx, Inc. All Rights Reserved.
------------------------------------------------------------------------------------
| Tool Version : Vivado v.2018.3 (win64) Build 2405991 Thu Dec  6 23:38:27 MST 2018
| Date         : Tue Apr 12 23:39:11 2022
| Host         : Home-PC running 64-bit major release  (build 9200)
| Command      : upgrade_ip
| Device       : xc7z020clg400-2
------------------------------------------------------------------------------------

Upgrade Log for IP 'system_util_ad9361_adc_pack_0'

1. Summary
----------

SUCCESS in the conversion of system_util_ad9361_adc_pack_0 (analog.com:user:util_cpack2:1.0 (Rev. 1)) to Vivado generation flows.






Copyright 1986-2018 Xilinx, Inc. All Rights Reserved.
------------------------------------------------------------------------------------
| Tool Version : Vivado v.2018.3 (win64) Build 2405991 Thu Dec  6 23:38:27 MST 2018
| Date         : Tue Apr 12 23:22:46 2022
| Host         : Home-PC running 64-bit major release  (build 9200)
| Command      : upgrade_ip
| Device       : xc7z020clg400-2
------------------------------------------------------------------------------------

Upgrade Log for IP 'system_util_ad9361_dac_upack_0'

1. Summary
----------

SUCCESS in the conversion of system_util_ad9361_dac_upack_0 (analog.com:user:util_upack2:1.0 (Rev. 1)) to Vivado generation flows.






Copyright 1986-2018 Xilinx, Inc. All Rights Reserved.
------------------------------------------------------------------------------------
| Tool Version : Vivado v.2018.3 (win64) Build 2405991 Thu Dec  6 23:38:27 MST 2018
| Date         : Tue Apr 12 23:22:46 2022
| Host         : Home-PC running 64-bit major release  (build 9200)
| Command      : upgrade_ip
| Device       : xc7z020clg400-2
------------------------------------------------------------------------------------

Upgrade Log for IP 'system_util_ad9361_adc_pack_0'

1. Summary
----------

SUCCESS in the conversion of system_util_ad9361_adc_pack_0 (analog.com:user:util_cpack2:1.0 (Rev. 1)) to Vivado generation flows.

