#-----------------------------------------------------------
# Vivado v2018.3 (64-bit)
# SW Build 2405991 on Thu Dec  6 23:38:27 MST 2018
# IP Build 2404404 on Fri Dec  7 01:43:56 MST 2018
# Start of session at: Sun Apr  3 21:59:25 2022
# Process ID: 4572
# Current directory: C:/Users/zhouzhiwen/Desktop/antsdr_standalone/hdl/projects/antsdr_e310/antsdr_lvds
# Command line: vivado.exe -gui_launcher_event rodinguilauncherevent31400 C:\Users\zhouzhiwen\Desktop\antsdr_standalone\hdl\projects\antsdr_e310\antsdr_lvds\antsdr_ccbob_lvds.xpr
# Log file: C:/Users/zhouzhiwen/Desktop/antsdr_standalone/hdl/projects/antsdr_e310/antsdr_lvds/vivado.log
# Journal file: C:/Users/zhouzhiwen/Desktop/antsdr_standalone/hdl/projects/antsdr_e310/antsdr_lvds\vivado.jou
#-----------------------------------------------------------
start_gui
open_project C:/Users/zhouzhiwen/Desktop/antsdr_standalone/hdl/projects/antsdr_e310/antsdr_lvds/antsdr_ccbob_lvds.xpr
INFO: [ProjectBase 1-489] The host OS only allows 260 characters in a normal path. The project is stored in a path with more than 80 characters. If you experience issues with IP, Block Designs, or files not being found, please consider moving the project to a location with a shorter path. Alternately consider using the OS subst command to map part of the path to a drive letter.
Current project path is 'C:/Users/zhouzhiwen/Desktop/antsdr_standalone/hdl/projects/antsdr_e310/antsdr_lvds'
Scanning sources...
Finished scanning sources
WARNING: [filemgmt 56-3] IP Repository Path: Could not find the directory 'C:/Users/zhouzhiwen/Desktop/antsdr_standalone/ghdl/library'.
INFO: [IP_Flow 19-234] Refreshing IP repositories
INFO: [IP_Flow 19-1700] Loaded user IP repository 'c:/Users/zhouzhiwen/Desktop/antsdr_standalone/hdl/library'.
WARNING: [IP_Flow 19-2248] Failed to load user IP repository 'c:/Users/zhouzhiwen/Desktop/antsdr_standalone/ghdl/library'; Can't find the specified path.
If this directory should no longer be in your list of user repositories, go to the IP Settings dialog and remove it.
INFO: [IP_Flow 19-2313] Loaded Vivado IP repository 'C:/Xilinx/Vivado/2018.3/data/ip'.
open_project: Time (s): cpu = 00:00:10 ; elapsed = 00:00:06 . Memory (MB): peak = 810.668 ; gain = 133.555
update_compile_order -fileset sources_1
launch_sdk -workspace C:/Users/zhouzhiwen/Desktop/antsdr_standalone/hdl/projects/antsdr_e310/antsdr_lvds/antsdr_ccbob_lvds.sdk -hwspec C:/Users/zhouzhiwen/Desktop/antsdr_standalone/hdl/projects/antsdr_e310/antsdr_lvds/antsdr_ccbob_lvds.sdk/system_top.hdf
INFO: [Vivado 12-393] Launching SDK...
INFO: [Vivado 12-417] Running xsdk -workspace C:/Users/zhouzhiwen/Desktop/antsdr_standalone/hdl/projects/antsdr_e310/antsdr_lvds/antsdr_ccbob_lvds.sdk -hwspec C:/Users/zhouzhiwen/Desktop/antsdr_standalone/hdl/projects/antsdr_e310/antsdr_lvds/antsdr_ccbob_lvds.sdk/system_top.hdf
INFO: [Vivado 12-3157] SDK launch initiated. Please check console for any further messages.
