#-----------------------------------------------------------
# Vivado v2018.3 (64-bit)
# SW Build 2405991 on Thu Dec  6 23:38:27 MST 2018
# IP Build 2404404 on Fri Dec  7 01:43:56 MST 2018
# Start of session at: Mon Apr  4 08:45:01 2022
# Process ID: 33736
# Current directory: C:/Users/zhouzhiwen/Desktop/antsdr_standalone/hdl/projects/antsdr_e310/antsdr_lvds
# Command line: vivado.exe -gui_launcher_event rodinguilauncherevent12772 C:\Users\zhouzhiwen\Desktop\antsdr_standalone\hdl\projects\antsdr_e310\antsdr_lvds\antsdr_ccbob_lvds.xpr
# Log file: C:/Users/zhouzhiwen/Desktop/antsdr_standalone/hdl/projects/antsdr_e310/antsdr_lvds/vivado.log
# Journal file: C:/Users/zhouzhiwen/Desktop/antsdr_standalone/hdl/projects/antsdr_e310/antsdr_lvds\vivado.jou
#-----------------------------------------------------------
start_gui
open_project C:/Users/zhouzhiwen/Desktop/antsdr_standalone/hdl/projects/antsdr_e310/antsdr_lvds/antsdr_ccbob_lvds.xpr
INFO: [ProjectBase 1-489] The host OS only allows 260 characters in a normal path. The project is stored in a path with more than 80 characters. If you experience issues with IP, Block Designs, or files not being found, please consider moving the project to a location with a shorter path. Alternately consider using the OS subst command to map part of the path to a drive letter.
Current project path is 'C:/Users/zhouzhiwen/Desktop/antsdr_standalone/hdl/projects/antsdr_e310/antsdr_lvds'
Scanning sources...
Finished scanning sources
WARNING: [filemgmt 56-3] IP Repository Path: Could not find the directory 'C:/Users/zhouzhiwen/Desktop/antsdr_standalone/ghdl/library'.
INFO: [IP_Flow 19-234] Refreshing IP repositories
INFO: [IP_Flow 19-1700] Loaded user IP repository 'c:/Users/zhouzhiwen/Desktop/antsdr_standalone/hdl/library'.
WARNING: [IP_Flow 19-2248] Failed to load user IP repository 'c:/Users/zhouzhiwen/Desktop/antsdr_standalone/ghdl/library'; Can't find the specified path.
If this directory should no longer be in your list of user repositories, go to the IP Settings dialog and remove it.
INFO: [IP_Flow 19-2313] Loaded Vivado IP repository 'C:/Xilinx/Vivado/2018.3/data/ip'.
open_project: Time (s): cpu = 00:00:11 ; elapsed = 00:00:09 . Memory (MB): peak = 801.125 ; gain = 176.652
update_compile_order -fileset sources_1
launch_sdk -workspace C:/Users/zhouzhiwen/Desktop/antsdr_standalone/hdl/projects/antsdr_e310/antsdr_lvds/antsdr_ccbob_lvds.sdk -hwspec C:/Users/zhouzhiwen/Desktop/antsdr_standalone/hdl/projects/antsdr_e310/antsdr_lvds/antsdr_ccbob_lvds.sdk/system_top.hdf
INFO: [Vivado 12-393] Launching SDK...
INFO: [Vivado 12-417] Running xsdk -workspace C:/Users/zhouzhiwen/Desktop/antsdr_standalone/hdl/projects/antsdr_e310/antsdr_lvds/antsdr_ccbob_lvds.sdk -hwspec C:/Users/zhouzhiwen/Desktop/antsdr_standalone/hdl/projects/antsdr_e310/antsdr_lvds/antsdr_ccbob_lvds.sdk/system_top.hdf
INFO: [Vivado 12-3157] SDK launch initiated. Please check console for any further messages.
open_run impl_1
INFO: [Netlist 29-17] Analyzing 1141 Unisim elements for replacement
INFO: [Netlist 29-28] Unisim Transformation completed in 1 CPU seconds
INFO: [Project 1-479] Netlist was created with Vivado 2018.3
INFO: [Device 21-403] Loading part xc7z020clg400-2
INFO: [Project 1-570] Preparing netlist for logic optimization
INFO: [Timing 38-478] Restoring timing data from binary archive.
INFO: [Timing 38-479] Binary timing data restore complete.
INFO: [Project 1-856] Restoring constraints from binary archive.
INFO: [Project 1-853] Binary constraint restore complete.
Reading XDEF placement.
Reading placer database...
Reading XDEF routing.
Read XDEF File: Time (s): cpu = 00:00:01 ; elapsed = 00:00:01 . Memory (MB): peak = 1826.238 ; gain = 7.750
Restored from archive | CPU: 1.000000 secs | Memory: 0.000000 MB |
Finished XDEF File Restore: Time (s): cpu = 00:00:01 ; elapsed = 00:00:01 . Memory (MB): peak = 1826.238 ; gain = 7.750
Netlist sorting complete. Time (s): cpu = 00:00:00 ; elapsed = 00:00:00.005 . Memory (MB): peak = 1826.238 ; gain = 0.000
INFO: [Project 1-111] Unisim Transformation Summary:
  A total of 92 instances were transformed.
  IOBUF => IOBUF (IBUF, OBUFT): 29 instances
  RAM16X1D => RAM32X1D (RAMD32, RAMD32): 6 instances
  RAM32M => RAM32M (RAMD32, RAMD32, RAMD32, RAMD32, RAMD32, RAMD32, RAMS32, RAMS32): 57 instances

INFO: [Designutils 20-3303] unexpected site type 'IOPAD' in HDPYFinalizeIO
INFO: [Designutils 20-3303] unexpected site type 'IOPAD' in HDPYFinalizeIO
INFO: [Designutils 20-3303] unexpected site type 'IOPAD' in HDPYFinalizeIO
INFO: [Designutils 20-3303] unexpected site type 'IOPAD' in HDPYFinalizeIO
INFO: [Designutils 20-3303] unexpected site type 'IOPAD' in HDPYFinalizeIO
INFO: [Designutils 20-3303] unexpected site type 'IOPAD' in HDPYFinalizeIO
INFO: [Designutils 20-3303] unexpected site type 'IOPAD' in HDPYFinalizeIO
INFO: [Designutils 20-3303] unexpected site type 'IOPAD' in HDPYFinalizeIO
INFO: [Designutils 20-3303] unexpected site type 'IOPAD' in HDPYFinalizeIO
INFO: [Designutils 20-3303] unexpected site type 'IOPAD' in HDPYFinalizeIO
INFO: [Designutils 20-3303] unexpected site type 'IOPAD' in HDPYFinalizeIO
INFO: [Designutils 20-3303] unexpected site type 'IOPAD' in HDPYFinalizeIO
INFO: [Designutils 20-3303] unexpected site type 'IOPAD' in HDPYFinalizeIO
INFO: [Designutils 20-3303] unexpected site type 'IOPAD' in HDPYFinalizeIO
INFO: [Designutils 20-3303] unexpected site type 'IOPAD' in HDPYFinalizeIO
INFO: [Designutils 20-3303] unexpected site type 'IOPAD' in HDPYFinalizeIO
INFO: [Designutils 20-3303] unexpected site type 'IOPAD' in HDPYFinalizeIO
INFO: [Designutils 20-3303] unexpected site type 'IOPAD' in HDPYFinalizeIO
INFO: [Designutils 20-3303] unexpected site type 'IOPAD' in HDPYFinalizeIO
INFO: [Designutils 20-3303] unexpected site type 'IOPAD' in HDPYFinalizeIO
INFO: [Designutils 20-3303] unexpected site type 'IOPAD' in HDPYFinalizeIO
INFO: [Designutils 20-3303] unexpected site type 'IOPAD' in HDPYFinalizeIO
INFO: [Designutils 20-3303] unexpected site type 'IOPAD' in HDPYFinalizeIO
INFO: [Designutils 20-3303] unexpected site type 'IOPAD' in HDPYFinalizeIO
INFO: [Designutils 20-3303] unexpected site type 'IOPAD' in HDPYFinalizeIO
INFO: [Designutils 20-3303] unexpected site type 'IOPAD' in HDPYFinalizeIO
INFO: [Designutils 20-3303] unexpected site type 'IOPAD' in HDPYFinalizeIO
INFO: [Designutils 20-3303] unexpected site type 'IOPAD' in HDPYFinalizeIO
INFO: [Designutils 20-3303] unexpected site type 'IOPAD' in HDPYFinalizeIO
INFO: [Designutils 20-3303] unexpected site type 'IOPAD' in HDPYFinalizeIO
INFO: [Designutils 20-3303] unexpected site type 'IOPAD' in HDPYFinalizeIO
INFO: [Designutils 20-3303] unexpected site type 'IOPAD' in HDPYFinalizeIO
INFO: [Designutils 20-3303] unexpected site type 'IOPAD' in HDPYFinalizeIO
INFO: [Designutils 20-3303] unexpected site type 'IOPAD' in HDPYFinalizeIO
INFO: [Designutils 20-3303] unexpected site type 'IOPAD' in HDPYFinalizeIO
INFO: [Designutils 20-3303] unexpected site type 'IOPAD' in HDPYFinalizeIO
INFO: [Designutils 20-3303] unexpected site type 'IOPAD' in HDPYFinalizeIO
INFO: [Designutils 20-3303] unexpected site type 'IOPAD' in HDPYFinalizeIO
INFO: [Designutils 20-3303] unexpected site type 'IOPAD' in HDPYFinalizeIO
INFO: [Designutils 20-3303] unexpected site type 'IOPAD' in HDPYFinalizeIO
INFO: [Designutils 20-3303] unexpected site type 'IOPAD' in HDPYFinalizeIO
INFO: [Designutils 20-3303] unexpected site type 'IOPAD' in HDPYFinalizeIO
INFO: [Designutils 20-3303] unexpected site type 'IOPAD' in HDPYFinalizeIO
INFO: [Designutils 20-3303] unexpected site type 'IOPAD' in HDPYFinalizeIO
INFO: [Designutils 20-3303] unexpected site type 'IOPAD' in HDPYFinalizeIO
INFO: [Designutils 20-3303] unexpected site type 'IOPAD' in HDPYFinalizeIO
INFO: [Designutils 20-3303] unexpected site type 'IOPAD' in HDPYFinalizeIO
INFO: [Designutils 20-3303] unexpected site type 'IOPAD' in HDPYFinalizeIO
INFO: [Designutils 20-3303] unexpected site type 'IOPAD' in HDPYFinalizeIO
INFO: [Designutils 20-3303] unexpected site type 'IOPAD' in HDPYFinalizeIO
INFO: [Designutils 20-3303] unexpected site type 'IOPAD' in HDPYFinalizeIO
INFO: [Designutils 20-3303] unexpected site type 'IOPAD' in HDPYFinalizeIO
INFO: [Designutils 20-3303] unexpected site type 'IOPAD' in HDPYFinalizeIO
INFO: [Designutils 20-3303] unexpected site type 'IOPAD' in HDPYFinalizeIO
INFO: [Designutils 20-3303] unexpected site type 'IOPAD' in HDPYFinalizeIO
INFO: [Designutils 20-3303] unexpected site type 'IOPAD' in HDPYFinalizeIO
INFO: [Designutils 20-3303] unexpected site type 'IOPAD' in HDPYFinalizeIO
INFO: [Designutils 20-3303] unexpected site type 'IOPAD' in HDPYFinalizeIO
INFO: [Designutils 20-3303] unexpected site type 'IOPAD' in HDPYFinalizeIO
INFO: [Designutils 20-3303] unexpected site type 'IOPAD' in HDPYFinalizeIO
INFO: [Designutils 20-3303] unexpected site type 'IOPAD' in HDPYFinalizeIO
INFO: [Designutils 20-3303] unexpected site type 'IOPAD' in HDPYFinalizeIO
INFO: [Designutils 20-3303] unexpected site type 'IOPAD' in HDPYFinalizeIO
INFO: [Designutils 20-3303] unexpected site type 'IOPAD' in HDPYFinalizeIO
INFO: [Designutils 20-3303] unexpected site type 'IOPAD' in HDPYFinalizeIO
INFO: [Designutils 20-3303] unexpected site type 'IOPAD' in HDPYFinalizeIO
INFO: [Designutils 20-3303] unexpected site type 'IOPAD' in HDPYFinalizeIO
INFO: [Designutils 20-3303] unexpected site type 'IOPAD' in HDPYFinalizeIO
INFO: [Designutils 20-3303] unexpected site type 'IOPAD' in HDPYFinalizeIO
INFO: [Designutils 20-3303] unexpected site type 'IOPAD' in HDPYFinalizeIO
INFO: [Designutils 20-3303] unexpected site type 'IOPAD' in HDPYFinalizeIO
INFO: [Designutils 20-3303] unexpected site type 'IOPAD' in HDPYFinalizeIO
INFO: [Designutils 20-3303] unexpected site type 'IOPAD' in HDPYFinalizeIO
INFO: [Designutils 20-3303] unexpected site type 'IOPAD' in HDPYFinalizeIO
INFO: [Designutils 20-3303] unexpected site type 'IOPAD' in HDPYFinalizeIO
INFO: [Designutils 20-3303] unexpected site type 'IOPAD' in HDPYFinalizeIO
INFO: [Designutils 20-3303] unexpected site type 'IOPAD' in HDPYFinalizeIO
INFO: [Designutils 20-3303] unexpected site type 'IOPAD' in HDPYFinalizeIO
INFO: [Designutils 20-3303] unexpected site type 'IOPAD' in HDPYFinalizeIO
INFO: [Designutils 20-3303] unexpected site type 'IOPAD' in HDPYFinalizeIO
INFO: [Designutils 20-3303] unexpected site type 'IOPAD' in HDPYFinalizeIO
INFO: [Designutils 20-3303] unexpected site type 'IOPAD' in HDPYFinalizeIO
INFO: [Designutils 20-3303] unexpected site type 'IOPAD' in HDPYFinalizeIO
INFO: [Designutils 20-3303] unexpected site type 'IOPAD' in HDPYFinalizeIO
INFO: [Designutils 20-3303] unexpected site type 'IOPAD' in HDPYFinalizeIO
INFO: [Designutils 20-3303] unexpected site type 'IOPAD' in HDPYFinalizeIO
INFO: [Designutils 20-3303] unexpected site type 'IOPAD' in HDPYFinalizeIO
INFO: [Designutils 20-3303] unexpected site type 'IOPAD' in HDPYFinalizeIO
INFO: [Designutils 20-3303] unexpected site type 'IOPAD' in HDPYFinalizeIO
INFO: [Designutils 20-3303] unexpected site type 'IOPAD' in HDPYFinalizeIO
INFO: [Designutils 20-3303] unexpected site type 'IOPAD' in HDPYFinalizeIO
INFO: [Designutils 20-3303] unexpected site type 'IOPAD' in HDPYFinalizeIO
INFO: [Designutils 20-3303] unexpected site type 'IOPAD' in HDPYFinalizeIO
INFO: [Designutils 20-3303] unexpected site type 'IOPAD' in HDPYFinalizeIO
INFO: [Designutils 20-3303] unexpected site type 'IOPAD' in HDPYFinalizeIO
INFO: [Designutils 20-3303] unexpected site type 'IOPAD' in HDPYFinalizeIO
INFO: [Designutils 20-3303] unexpected site type 'IOPAD' in HDPYFinalizeIO
INFO: [Designutils 20-3303] unexpected site type 'IOPAD' in HDPYFinalizeIO
INFO: [Designutils 20-3303] unexpected site type 'IOPAD' in HDPYFinalizeIO
INFO: [Designutils 20-3303] unexpected site type 'IOPAD' in HDPYFinalizeIO
INFO: [Common 17-14] Message 'Designutils 20-3303' appears 100 times and further instances of the messages will be disabled. Use the Tcl command set_msg_config to change the current settings.
open_run: Time (s): cpu = 00:00:20 ; elapsed = 00:00:17 . Memory (MB): peak = 1964.199 ; gain = 1159.441
open_report: Time (s): cpu = 00:00:10 ; elapsed = 00:00:06 . Memory (MB): peak = 2125.082 ; gain = 121.340
open_bd_design {C:/Users/zhouzhiwen/Desktop/antsdr_standalone/hdl/projects/antsdr_e310/antsdr_lvds/antsdr_ccbob_lvds.srcs/sources_1/bd/system/system.bd}
Adding cell -- xilinx.com:ip:processing_system7:5.5 - sys_ps7
Adding cell -- xilinx.com:ip:axi_iic:2.0 - axi_iic_main
Adding cell -- xilinx.com:ip:xlconcat:2.1 - sys_concat_intc
Adding cell -- xilinx.com:ip:proc_sys_reset:5.0 - sys_rstgen
Adding cell -- xilinx.com:ip:util_vector_logic:2.0 - sys_logic_inv
Adding cell -- analog.com:user:axi_sysid:1.0 - axi_sysid_0
Adding cell -- analog.com:user:sysid_rom:1.0 - rom_sys_0
Adding cell -- xilinx.com:ip:xlconstant:1.1 - GND_1
Adding cell -- xilinx.com:ip:axi_interconnect:2.1 - axi_cpu_interconnect
Adding cell -- xilinx.com:ip:axi_crossbar:2.1 - xbar
Adding cell -- xilinx.com:ip:axi_protocol_converter:2.1 - auto_pc
Adding cell -- analog.com:user:axi_ad9361:1.0 - axi_ad9361
Adding cell -- analog.com:user:util_tdd_sync:1.0 - util_ad9361_tdd_sync
Adding cell -- xilinx.com:ip:xlconcat:2.1 - util_ad9361_divclk_sel_concat
Adding cell -- xilinx.com:ip:util_reduced_logic:2.0 - util_ad9361_divclk_sel
Adding cell -- analog.com:user:util_clkdiv:1.0 - util_ad9361_divclk
Adding cell -- xilinx.com:ip:proc_sys_reset:5.0 - util_ad9361_divclk_reset
Adding cell -- analog.com:user:util_wfifo:1.0 - util_ad9361_adc_fifo
Adding cell -- analog.com:user:util_cpack2:1.0 - util_ad9361_adc_pack
Adding cell -- analog.com:user:axi_dmac:1.0 - axi_ad9361_adc_dma
Adding cell -- analog.com:user:util_rfifo:1.0 - axi_ad9361_dac_fifo
Adding cell -- analog.com:user:util_upack2:1.0 - util_ad9361_dac_upack
Adding cell -- analog.com:user:axi_dmac:1.0 - axi_ad9361_dac_dma
Adding cell -- xilinx.com:ip:smartconnect:1.0 - axi_hp1_interconnect
Adding cell -- xilinx.com:ip:smartconnect:1.0 - axi_hp2_interconnect
Adding cell -- analog.com:user:axi_gpreg:1.0 - axi_gpreg
Successfully read diagram <system> from BD file <C:/Users/zhouzhiwen/Desktop/antsdr_standalone/hdl/projects/antsdr_e310/antsdr_lvds/antsdr_ccbob_lvds.srcs/sources_1/bd/system/system.bd>
startgroup
set_property -dict [list CONFIG.MODE_1R1T {0}] [get_bd_cells axi_ad9361]
endgroup
save_bd_design
Wrote  : <C:\Users\zhouzhiwen\Desktop\antsdr_standalone\hdl\projects\antsdr_e310\antsdr_lvds\antsdr_ccbob_lvds.srcs\sources_1\bd\system\system.bd> 
Wrote  : <C:/Users/zhouzhiwen/Desktop/antsdr_standalone/hdl/projects/antsdr_e310/antsdr_lvds/antsdr_ccbob_lvds.srcs/sources_1/bd/system/ui/bd_c954508f.ui> 
reset_run synth_1
launch_runs impl_1 -to_step write_bitstream -jobs 8
WARNING: [BD 41-1284] Cannot set parameter SUGGESTED_PRIORITY on port /sys_ps7/IRQ_F2P
WARNING: [BD 41-1284] Cannot set parameter SUGGESTED_PRIORITY on port /sys_ps7/IRQ_F2P
WARNING: [BD 41-1284] Cannot set parameter SUGGESTED_PRIORITY on port /sys_ps7/IRQ_F2P
WARNING: [BD 41-1284] Cannot set parameter SUGGESTED_PRIORITY on port /sys_ps7/IRQ_F2P
WARNING: [BD 41-1284] Cannot set parameter SUGGESTED_PRIORITY on port /sys_ps7/IRQ_F2P
WARNING: [BD 41-1284] Cannot set parameter SUGGESTED_PRIORITY on port /sys_ps7/IRQ_F2P
WARNING: [BD 41-1284] Cannot set parameter SUGGESTED_PRIORITY on port /sys_ps7/IRQ_F2P
WARNING: [BD 41-1284] Cannot set parameter SUGGESTED_PRIORITY on port /sys_ps7/IRQ_F2P
WARNING: [BD 41-1284] Cannot set parameter SUGGESTED_PRIORITY on port /sys_ps7/IRQ_F2P
WARNING: [BD 41-1284] Cannot set parameter SUGGESTED_PRIORITY on port /sys_ps7/IRQ_F2P
WARNING: [BD 41-1284] Cannot set parameter SUGGESTED_PRIORITY on port /sys_ps7/IRQ_F2P
WARNING: [BD 41-1284] Cannot set parameter SUGGESTED_PRIORITY on port /sys_ps7/IRQ_F2P
WARNING: [BD 41-1284] Cannot set parameter SUGGESTED_PRIORITY on port /sys_ps7/IRQ_F2P
WARNING: [BD 41-1284] Cannot set parameter SUGGESTED_PRIORITY on port /sys_ps7/IRQ_F2P
WARNING: [BD 41-1284] Cannot set parameter SUGGESTED_PRIORITY on port /sys_ps7/IRQ_F2P
WARNING: [BD 41-1284] Cannot set parameter SUGGESTED_PRIORITY on port /sys_ps7/IRQ_F2P
WARNING: [#UNDEF] When using EMIO pins for SPI_0 tie SSIN High in the PL bitstream
WARNING: [#UNDEF] When using EMIO pins for SPI_1 tie SSIN High in the PL bitstream
WARNING: [BD 41-1284] Cannot set parameter SUGGESTED_PRIORITY on port /sys_ps7/IRQ_F2P
WARNING: [BD 41-1284] Cannot set parameter SUGGESTED_PRIORITY on port /sys_ps7/IRQ_F2P
WARNING: [BD 41-1284] Cannot set parameter SUGGESTED_PRIORITY on port /sys_ps7/IRQ_F2P
WARNING: [BD 41-1284] Cannot set parameter SUGGESTED_PRIORITY on port /sys_ps7/IRQ_F2P
WARNING: [BD 41-1284] Cannot set parameter SUGGESTED_PRIORITY on port /sys_ps7/IRQ_F2P
WARNING: [BD 41-1284] Cannot set parameter SUGGESTED_PRIORITY on port /sys_ps7/IRQ_F2P
WARNING: [#UNDEF] When using EMIO pins for SPI_0 tie SSIN High in the PL bitstream
WARNING: [#UNDEF] When using EMIO pins for SPI_1 tie SSIN High in the PL bitstream
WARNING: [BD 41-927] Following properties on pin /axi_sysid_0/s_axi_aclk have been updated from connected ip. They may not be synchronized with cell properties. You can set property on pin directly to confirm the value and resolve the warning.
	CLK_DOMAIN=system_sys_ps7_0_FCLK_CLK0 
WARNING: [BD 41-927] Following properties on pin /rom_sys_0/clk have been updated from connected ip. They may not be synchronized with cell properties. You can set property on pin directly to confirm the value and resolve the warning.
	CLK_DOMAIN=system_sys_ps7_0_FCLK_CLK0 
WARNING: [BD 41-927] Following properties on pin /axi_ad9361/delay_clk have been updated from connected ip. They may not be synchronized with cell properties. You can set property on pin directly to confirm the value and resolve the warning.
	CLK_DOMAIN=system_sys_ps7_0_FCLK_CLK1 
WARNING: [BD 41-927] Following properties on pin /axi_ad9361/l_clk have been updated from connected ip. They may not be synchronized with cell properties. You can set property on pin directly to confirm the value and resolve the warning.
	CLK_DOMAIN=system_axi_ad9361_0_l_clk 
WARNING: [BD 41-927] Following properties on pin /axi_ad9361/clk have been updated from connected ip. They may not be synchronized with cell properties. You can set property on pin directly to confirm the value and resolve the warning.
	CLK_DOMAIN=system_axi_ad9361_0_l_clk 
WARNING: [BD 41-927] Following properties on pin /axi_ad9361/s_axi_aclk have been updated from connected ip. They may not be synchronized with cell properties. You can set property on pin directly to confirm the value and resolve the warning.
	CLK_DOMAIN=system_sys_ps7_0_FCLK_CLK0 
WARNING: [BD 41-927] Following properties on pin /util_ad9361_tdd_sync/clk have been updated from connected ip. They may not be synchronized with cell properties. You can set property on pin directly to confirm the value and resolve the warning.
	CLK_DOMAIN=system_sys_ps7_0_FCLK_CLK0 
WARNING: [BD 41-927] Following properties on pin /util_ad9361_divclk/clk have been updated from connected ip. They may not be synchronized with cell properties. You can set property on pin directly to confirm the value and resolve the warning.
	CLK_DOMAIN=system_axi_ad9361_0_l_clk 
WARNING: [BD 41-927] Following properties on pin /util_ad9361_divclk/clk_out have been updated from connected ip. They may not be synchronized with cell properties. You can set property on pin directly to confirm the value and resolve the warning.
	CLK_DOMAIN=system_util_ad9361_divclk_0_clk_out 
WARNING: [BD 41-927] Following properties on pin /util_ad9361_adc_fifo/din_rst have been updated from connected ip. They may not be synchronized with cell properties. You can set property on pin directly to confirm the value and resolve the warning.
	POLARITY=ACTIVE_HIGH 
WARNING: [BD 41-927] Following properties on pin /util_ad9361_adc_fifo/din_clk have been updated from connected ip. They may not be synchronized with cell properties. You can set property on pin directly to confirm the value and resolve the warning.
	CLK_DOMAIN=system_axi_ad9361_0_l_clk 
WARNING: [BD 41-927] Following properties on pin /util_ad9361_adc_fifo/dout_clk have been updated from connected ip. They may not be synchronized with cell properties. You can set property on pin directly to confirm the value and resolve the warning.
	CLK_DOMAIN=system_util_ad9361_divclk_0_clk_out 
WARNING: [BD 41-927] Following properties on pin /util_ad9361_adc_pack/clk have been updated from connected ip. They may not be synchronized with cell properties. You can set property on pin directly to confirm the value and resolve the warning.
	CLK_DOMAIN=system_util_ad9361_divclk_0_clk_out 
WARNING: [BD 41-927] Following properties on pin /axi_ad9361_dac_fifo/din_clk have been updated from connected ip. They may not be synchronized with cell properties. You can set property on pin directly to confirm the value and resolve the warning.
	CLK_DOMAIN=system_util_ad9361_divclk_0_clk_out 
WARNING: [BD 41-927] Following properties on pin /axi_ad9361_dac_fifo/dout_rst have been updated from connected ip. They may not be synchronized with cell properties. You can set property on pin directly to confirm the value and resolve the warning.
	POLARITY=ACTIVE_HIGH 
WARNING: [BD 41-927] Following properties on pin /axi_ad9361_dac_fifo/dout_clk have been updated from connected ip. They may not be synchronized with cell properties. You can set property on pin directly to confirm the value and resolve the warning.
	CLK_DOMAIN=system_axi_ad9361_0_l_clk 
WARNING: [BD 41-927] Following properties on pin /util_ad9361_dac_upack/clk have been updated from connected ip. They may not be synchronized with cell properties. You can set property on pin directly to confirm the value and resolve the warning.
	CLK_DOMAIN=system_util_ad9361_divclk_0_clk_out 
WARNING: [BD 41-927] Following properties on pin /axi_gpreg/s_axi_aclk have been updated from connected ip. They may not be synchronized with cell properties. You can set property on pin directly to confirm the value and resolve the warning.
	CLK_DOMAIN=system_sys_ps7_0_FCLK_CLK0 
Wrote  : <C:\Users\zhouzhiwen\Desktop\antsdr_standalone\hdl\projects\antsdr_e310\antsdr_lvds\antsdr_ccbob_lvds.srcs\sources_1\bd\system\system.bd> 
VHDL Output written to : C:/Users/zhouzhiwen/Desktop/antsdr_standalone/hdl/projects/antsdr_e310/antsdr_lvds/antsdr_ccbob_lvds.srcs/sources_1/bd/system/synth/system.v
VHDL Output written to : C:/Users/zhouzhiwen/Desktop/antsdr_standalone/hdl/projects/antsdr_e310/antsdr_lvds/antsdr_ccbob_lvds.srcs/sources_1/bd/system/sim/system.v
VHDL Output written to : C:/Users/zhouzhiwen/Desktop/antsdr_standalone/hdl/projects/antsdr_e310/antsdr_lvds/antsdr_ccbob_lvds.srcs/sources_1/bd/system/hdl/system_wrapper.v
INFO: [BD 41-1029] Generation completed for the IP Integrator block sys_ps7 .
INFO: [BD 41-1029] Generation completed for the IP Integrator block axi_iic_main .
INFO: [BD 41-1029] Generation completed for the IP Integrator block sys_concat_intc .
INFO: [BD 41-1029] Generation completed for the IP Integrator block sys_rstgen .
INFO: [BD 41-1029] Generation completed for the IP Integrator block sys_logic_inv .
INFO: [BD 41-1029] Generation completed for the IP Integrator block axi_sysid_0 .
INFO: [BD 41-1029] Generation completed for the IP Integrator block rom_sys_0 .
INFO: [BD 41-1029] Generation completed for the IP Integrator block GND_1 .
INFO: [BD 41-1029] Generation completed for the IP Integrator block axi_cpu_interconnect/xbar .
WARNING: [IP_Flow 19-1971] File named "../xilinx/common/up_xfer_cntrl_constr.xdc" already exists in file group "xilinx_anylanguagesynthesis", cannot add it again.
WARNING: [IP_Flow 19-1971] File named "../xilinx/common/ad_rst_constr.xdc" already exists in file group "xilinx_anylanguagesynthesis", cannot add it again.
WARNING: [IP_Flow 19-1971] File named "../xilinx/common/up_xfer_status_constr.xdc" already exists in file group "xilinx_anylanguagesynthesis", cannot add it again.
WARNING: [IP_Flow 19-1971] File named "../xilinx/common/up_clock_mon_constr.xdc" already exists in file group "xilinx_anylanguagesynthesis", cannot add it again.
INFO: [BD 41-1029] Generation completed for the IP Integrator block axi_ad9361 .
INFO: [BD 41-1029] Generation completed for the IP Integrator block util_ad9361_tdd_sync .
INFO: [BD 41-1029] Generation completed for the IP Integrator block util_ad9361_divclk_sel_concat .
INFO: [BD 41-1029] Generation completed for the IP Integrator block util_ad9361_divclk_sel .
INFO: [BD 41-1029] Generation completed for the IP Integrator block util_ad9361_divclk .
INFO: [BD 41-1029] Generation completed for the IP Integrator block util_ad9361_divclk_reset .
INFO: [BD 41-1029] Generation completed for the IP Integrator block util_ad9361_adc_fifo .
INFO: [BD 41-1029] Generation completed for the IP Integrator block util_ad9361_adc_pack .
INFO: [BD 41-1029] Generation completed for the IP Integrator block axi_ad9361_adc_dma .
INFO: [BD 41-1029] Generation completed for the IP Integrator block axi_ad9361_dac_fifo .
INFO: [BD 41-1029] Generation completed for the IP Integrator block util_ad9361_dac_upack .
INFO: [BD 41-1029] Generation completed for the IP Integrator block axi_ad9361_dac_dma .
Exporting to file c:/Users/zhouzhiwen/Desktop/antsdr_standalone/hdl/projects/antsdr_e310/antsdr_lvds/antsdr_ccbob_lvds.srcs/sources_1/bd/system/ip/system_axi_hp1_interconnect_0/bd_0/hw_handoff/system_axi_hp1_interconnect_0.hwh
Generated Block Design Tcl file c:/Users/zhouzhiwen/Desktop/antsdr_standalone/hdl/projects/antsdr_e310/antsdr_lvds/antsdr_ccbob_lvds.srcs/sources_1/bd/system/ip/system_axi_hp1_interconnect_0/bd_0/hw_handoff/system_axi_hp1_interconnect_0_bd.tcl
Generated Hardware Definition File c:/Users/zhouzhiwen/Desktop/antsdr_standalone/hdl/projects/antsdr_e310/antsdr_lvds/antsdr_ccbob_lvds.srcs/sources_1/bd/system/ip/system_axi_hp1_interconnect_0/bd_0/synth/system_axi_hp1_interconnect_0.hwdef
INFO: [BD 41-1029] Generation completed for the IP Integrator block axi_hp1_interconnect .
Exporting to file c:/Users/zhouzhiwen/Desktop/antsdr_standalone/hdl/projects/antsdr_e310/antsdr_lvds/antsdr_ccbob_lvds.srcs/sources_1/bd/system/ip/system_axi_hp2_interconnect_0/bd_0/hw_handoff/system_axi_hp2_interconnect_0.hwh
Generated Block Design Tcl file c:/Users/zhouzhiwen/Desktop/antsdr_standalone/hdl/projects/antsdr_e310/antsdr_lvds/antsdr_ccbob_lvds.srcs/sources_1/bd/system/ip/system_axi_hp2_interconnect_0/bd_0/hw_handoff/system_axi_hp2_interconnect_0_bd.tcl
Generated Hardware Definition File c:/Users/zhouzhiwen/Desktop/antsdr_standalone/hdl/projects/antsdr_e310/antsdr_lvds/antsdr_ccbob_lvds.srcs/sources_1/bd/system/ip/system_axi_hp2_interconnect_0/bd_0/synth/system_axi_hp2_interconnect_0.hwdef
INFO: [BD 41-1029] Generation completed for the IP Integrator block axi_hp2_interconnect .
INFO: [BD 41-1029] Generation completed for the IP Integrator block axi_gpreg .
WARNING: [IP_Flow 19-4994] Overwriting existing constraint file 'c:/Users/zhouzhiwen/Desktop/antsdr_standalone/hdl/projects/antsdr_e310/antsdr_lvds/antsdr_ccbob_lvds.srcs/sources_1/bd/system/ip/system_auto_pc_0/system_auto_pc_0_ooc.xdc'
INFO: [BD 41-1029] Generation completed for the IP Integrator block axi_cpu_interconnect/s00_couplers/auto_pc .
Exporting to file C:/Users/zhouzhiwen/Desktop/antsdr_standalone/hdl/projects/antsdr_e310/antsdr_lvds/antsdr_ccbob_lvds.srcs/sources_1/bd/system/hw_handoff/system.hwh
Generated Block Design Tcl file C:/Users/zhouzhiwen/Desktop/antsdr_standalone/hdl/projects/antsdr_e310/antsdr_lvds/antsdr_ccbob_lvds.srcs/sources_1/bd/system/hw_handoff/system_bd.tcl
Generated Hardware Definition File C:/Users/zhouzhiwen/Desktop/antsdr_standalone/hdl/projects/antsdr_e310/antsdr_lvds/antsdr_ccbob_lvds.srcs/sources_1/bd/system/synth/system.hwdef
[Mon Apr  4 10:28:14 2022] Launched synth_1...
Run output will be captured here: C:/Users/zhouzhiwen/Desktop/antsdr_standalone/hdl/projects/antsdr_e310/antsdr_lvds/antsdr_ccbob_lvds.runs/synth_1/runme.log
[Mon Apr  4 10:28:14 2022] Launched impl_1...
Run output will be captured here: C:/Users/zhouzhiwen/Desktop/antsdr_standalone/hdl/projects/antsdr_e310/antsdr_lvds/antsdr_ccbob_lvds.runs/impl_1/runme.log
launch_runs: Time (s): cpu = 00:00:17 ; elapsed = 00:00:30 . Memory (MB): peak = 2425.676 ; gain = 195.258
file copy -force C:/Users/zhouzhiwen/Desktop/antsdr_standalone/hdl/projects/antsdr_e310/antsdr_lvds/antsdr_ccbob_lvds.runs/impl_1/system_top.sysdef C:/Users/zhouzhiwen/Desktop/antsdr_standalone/hdl/projects/antsdr_e310/antsdr_lvds/antsdr_ccbob_lvds.sdk/system_top.hdf

startgroup
endgroup
open_hw
connect_hw_server
INFO: [Labtools 27-2285] Connecting to hw_server url TCP:localhost:3121
open_hw_target
INFO: [Labtoolstcl 44-466] Opening hw_target localhost:3121/xilinx_tcf/Digilent/201706300081
set_property PROGRAM.FILE {C:/Users/zhouzhiwen/Desktop/antsdr_standalone/hdl/projects/antsdr_e310/antsdr_lvds/antsdr_ccbob_lvds.runs/impl_1/system_top.bit} [get_hw_devices xc7z020_1]
current_hw_device [get_hw_devices xc7z020_1]
refresh_hw_device -update_hw_probes false [lindex [get_hw_devices xc7z020_1] 0]
INFO: [Labtools 27-1434] Device xc7z020 (JTAG device index = 1) is programmed with a design that has no supported debug core(s) in it.
ERROR: [Labtoolstcl 44-513] HW Target shutdown. Closing target: localhost:3121/xilinx_tcf/Digilent/201706300081
INFO: [Labtoolstcl 44-466] Opening hw_target localhost:3121/xilinx_tcf/Digilent/201706300081
WARNING: [Labtoolstcl 44-129] No matching hw_ila_data was found.
INFO: [Labtools 27-1435] Device xc7z020 (JTAG device index = 1) is not programmed (DONE status = 0).
WARNING: [Labtoolstcl 44-129] No matching hw_ila_data was found.
set_property PROBES.FILE {} [get_hw_devices xc7z020_1]
set_property FULL_PROBES.FILE {} [get_hw_devices xc7z020_1]
set_property PROGRAM.FILE {C:/Users/zhouzhiwen/Desktop/antsdr_standalone/hdl/projects/antsdr_e310/antsdr_lvds/antsdr_ccbob_lvds.runs/impl_1/system_top.bit} [get_hw_devices xc7z020_1]
program_hw_devices [get_hw_devices xc7z020_1]
INFO: [Labtools 27-3164] End of startup status: HIGH
refresh_hw_device [lindex [get_hw_devices xc7z020_1] 0]
INFO: [Labtools 27-1434] Device xc7z020 (JTAG device index = 1) is programmed with a design that has no supported debug core(s) in it.
file copy -force C:/Users/zhouzhiwen/Desktop/antsdr_standalone/hdl/projects/antsdr_e310/antsdr_lvds/antsdr_ccbob_lvds.runs/impl_1/system_top.sysdef C:/Users/zhouzhiwen/Desktop/antsdr_standalone/hdl/projects/antsdr_e310/antsdr_lvds/antsdr_ccbob_lvds.sdk/system_top.hdf

close_hw
open_bd_design {C:/Users/zhouzhiwen/Desktop/antsdr_standalone/hdl/projects/antsdr_e310/antsdr_lvds/antsdr_ccbob_lvds.srcs/sources_1/bd/system/system.bd}
startgroup
endgroup
open_hw
connect_hw_server
INFO: [Labtools 27-2285] Connecting to hw_server url TCP:localhost:3121
INFO: [Labtools 27-2222] Launching hw_server...
INFO: [Labtools 27-2221] Launch Output:

****** Xilinx hw_server v2018.3
  **** Build date : Dec  7 2018-00:40:27
    ** Copyright 1986-2018 Xilinx, Inc. All Rights Reserved.


open_hw_target
INFO: [Labtoolstcl 44-466] Opening hw_target localhost:3121/xilinx_tcf/Digilent/201706300081
set_property PROGRAM.FILE {C:/Users/zhouzhiwen/Desktop/antsdr_standalone/hdl/projects/antsdr_e310/antsdr_lvds/antsdr_ccbob_lvds.runs/impl_1/system_top.bit} [get_hw_devices xc7z020_1]
current_hw_device [get_hw_devices xc7z020_1]
refresh_hw_device -update_hw_probes false [lindex [get_hw_devices xc7z020_1] 0]
INFO: [Labtools 27-1434] Device xc7z020 (JTAG device index = 1) is programmed with a design that has no supported debug core(s) in it.
launch_sdk -workspace C:/Users/zhouzhiwen/Desktop/antsdr_standalone/hdl/projects/antsdr_e310/antsdr_lvds/antsdr_ccbob_lvds.sdk -hwspec C:/Users/zhouzhiwen/Desktop/antsdr_standalone/hdl/projects/antsdr_e310/antsdr_lvds/antsdr_ccbob_lvds.sdk/system_top.hdf
INFO: [Vivado 12-393] Launching SDK...
INFO: [Vivado 12-417] Running xsdk -workspace C:/Users/zhouzhiwen/Desktop/antsdr_standalone/hdl/projects/antsdr_e310/antsdr_lvds/antsdr_ccbob_lvds.sdk -hwspec C:/Users/zhouzhiwen/Desktop/antsdr_standalone/hdl/projects/antsdr_e310/antsdr_lvds/antsdr_ccbob_lvds.sdk/system_top.hdf
INFO: [Vivado 12-3157] SDK launch initiated. Please check console for any further messages.
ERROR: [Labtoolstcl 44-513] HW Target shutdown. Closing target: localhost:3121/xilinx_tcf/Digilent/201706300081
INFO: [Labtoolstcl 44-466] Opening hw_target localhost:3121/xilinx_tcf/Digilent/201706300081
WARNING: [Labtoolstcl 44-129] No matching hw_ila_data was found.
INFO: [Labtools 27-1435] Device xc7z020 (JTAG device index = 1) is not programmed (DONE status = 0).
WARNING: [Labtoolstcl 44-129] No matching hw_ila_data was found.
set_property PROBES.FILE {} [get_hw_devices xc7z020_1]
set_property FULL_PROBES.FILE {} [get_hw_devices xc7z020_1]
set_property PROGRAM.FILE {C:/Users/zhouzhiwen/Desktop/antsdr_standalone/hdl/projects/antsdr_e310/antsdr_lvds/antsdr_ccbob_lvds.runs/impl_1/system_top.bit} [get_hw_devices xc7z020_1]
program_hw_devices [get_hw_devices xc7z020_1]
INFO: [Labtools 27-3164] End of startup status: HIGH
refresh_hw_device [lindex [get_hw_devices xc7z020_1] 0]
INFO: [Labtools 27-1434] Device xc7z020 (JTAG device index = 1) is programmed with a design that has no supported debug core(s) in it.
open_bd_design {C:/Users/zhouzhiwen/Desktop/antsdr_standalone/hdl/projects/antsdr_e310/antsdr_lvds/antsdr_ccbob_lvds.srcs/sources_1/bd/system/system.bd}
startgroup
set_property -dict [list CONFIG.MODE_1R1T {1}] [get_bd_cells axi_ad9361]
endgroup
startgroup
set_property -dict [list CONFIG.MODE_1R1T {0}] [get_bd_cells axi_ad9361]
endgroup
save_bd_design
Wrote  : <C:\Users\zhouzhiwen\Desktop\antsdr_standalone\hdl\projects\antsdr_e310\antsdr_lvds\antsdr_ccbob_lvds.srcs\sources_1\bd\system\system.bd> 
reset_run synth_1
WARNING: [Vivado 12-1017] Problems encountered:
1. Failed to delete one or more files in run directory C:/Users/zhouzhiwen/Desktop/antsdr_standalone/hdl/projects/antsdr_e310/antsdr_lvds/antsdr_ccbob_lvds.runs/synth_1

launch_runs impl_1 -to_step write_bitstream -jobs 8
WARNING: [BD 41-1284] Cannot set parameter SUGGESTED_PRIORITY on port /sys_ps7/IRQ_F2P
WARNING: [BD 41-1284] Cannot set parameter SUGGESTED_PRIORITY on port /sys_ps7/IRQ_F2P
WARNING: [BD 41-1284] Cannot set parameter SUGGESTED_PRIORITY on port /sys_ps7/IRQ_F2P
WARNING: [BD 41-1284] Cannot set parameter SUGGESTED_PRIORITY on port /sys_ps7/IRQ_F2P
WARNING: [BD 41-1284] Cannot set parameter SUGGESTED_PRIORITY on port /sys_ps7/IRQ_F2P
WARNING: [BD 41-1284] Cannot set parameter SUGGESTED_PRIORITY on port /sys_ps7/IRQ_F2P
WARNING: [BD 41-1284] Cannot set parameter SUGGESTED_PRIORITY on port /sys_ps7/IRQ_F2P
WARNING: [BD 41-1284] Cannot set parameter SUGGESTED_PRIORITY on port /sys_ps7/IRQ_F2P
WARNING: [BD 41-1284] Cannot set parameter SUGGESTED_PRIORITY on port /sys_ps7/IRQ_F2P
WARNING: [BD 41-1284] Cannot set parameter SUGGESTED_PRIORITY on port /sys_ps7/IRQ_F2P
WARNING: [BD 41-1284] Cannot set parameter SUGGESTED_PRIORITY on port /sys_ps7/IRQ_F2P
WARNING: [BD 41-1284] Cannot set parameter SUGGESTED_PRIORITY on port /sys_ps7/IRQ_F2P
WARNING: [BD 41-1284] Cannot set parameter SUGGESTED_PRIORITY on port /sys_ps7/IRQ_F2P
WARNING: [BD 41-1284] Cannot set parameter SUGGESTED_PRIORITY on port /sys_ps7/IRQ_F2P
WARNING: [BD 41-1284] Cannot set parameter SUGGESTED_PRIORITY on port /sys_ps7/IRQ_F2P
WARNING: [BD 41-1284] Cannot set parameter SUGGESTED_PRIORITY on port /sys_ps7/IRQ_F2P
WARNING: [BD 41-1284] Cannot set parameter SUGGESTED_PRIORITY on port /sys_ps7/IRQ_F2P
WARNING: [BD 41-1284] Cannot set parameter SUGGESTED_PRIORITY on port /sys_ps7/IRQ_F2P
WARNING: [#UNDEF] When using EMIO pins for SPI_0 tie SSIN High in the PL bitstream
WARNING: [#UNDEF] When using EMIO pins for SPI_1 tie SSIN High in the PL bitstream
WARNING: [BD 41-1284] Cannot set parameter SUGGESTED_PRIORITY on port /sys_ps7/IRQ_F2P
WARNING: [BD 41-1284] Cannot set parameter SUGGESTED_PRIORITY on port /sys_ps7/IRQ_F2P
WARNING: [BD 41-1284] Cannot set parameter SUGGESTED_PRIORITY on port /sys_ps7/IRQ_F2P
WARNING: [BD 41-1284] Cannot set parameter SUGGESTED_PRIORITY on port /sys_ps7/IRQ_F2P
WARNING: [BD 41-1284] Cannot set parameter SUGGESTED_PRIORITY on port /sys_ps7/IRQ_F2P
WARNING: [BD 41-1284] Cannot set parameter SUGGESTED_PRIORITY on port /sys_ps7/IRQ_F2P
WARNING: [#UNDEF] When using EMIO pins for SPI_0 tie SSIN High in the PL bitstream
WARNING: [#UNDEF] When using EMIO pins for SPI_1 tie SSIN High in the PL bitstream
WARNING: [BD 41-927] Following properties on pin /axi_sysid_0/s_axi_aclk have been updated from connected ip. They may not be synchronized with cell properties. You can set property on pin directly to confirm the value and resolve the warning.
	CLK_DOMAIN=system_sys_ps7_0_FCLK_CLK0 
WARNING: [BD 41-927] Following properties on pin /rom_sys_0/clk have been updated from connected ip. They may not be synchronized with cell properties. You can set property on pin directly to confirm the value and resolve the warning.
	CLK_DOMAIN=system_sys_ps7_0_FCLK_CLK0 
WARNING: [BD 41-927] Following properties on pin /axi_ad9361/delay_clk have been updated from connected ip. They may not be synchronized with cell properties. You can set property on pin directly to confirm the value and resolve the warning.
	CLK_DOMAIN=system_sys_ps7_0_FCLK_CLK1 
WARNING: [BD 41-927] Following properties on pin /axi_ad9361/l_clk have been updated from connected ip. They may not be synchronized with cell properties. You can set property on pin directly to confirm the value and resolve the warning.
	CLK_DOMAIN=system_axi_ad9361_0_l_clk 
WARNING: [BD 41-927] Following properties on pin /axi_ad9361/clk have been updated from connected ip. They may not be synchronized with cell properties. You can set property on pin directly to confirm the value and resolve the warning.
	CLK_DOMAIN=system_axi_ad9361_0_l_clk 
WARNING: [BD 41-927] Following properties on pin /axi_ad9361/s_axi_aclk have been updated from connected ip. They may not be synchronized with cell properties. You can set property on pin directly to confirm the value and resolve the warning.
	CLK_DOMAIN=system_sys_ps7_0_FCLK_CLK0 
WARNING: [BD 41-927] Following properties on pin /util_ad9361_tdd_sync/clk have been updated from connected ip. They may not be synchronized with cell properties. You can set property on pin directly to confirm the value and resolve the warning.
	CLK_DOMAIN=system_sys_ps7_0_FCLK_CLK0 
WARNING: [BD 41-927] Following properties on pin /util_ad9361_divclk/clk have been updated from connected ip. They may not be synchronized with cell properties. You can set property on pin directly to confirm the value and resolve the warning.
	CLK_DOMAIN=system_axi_ad9361_0_l_clk 
WARNING: [BD 41-927] Following properties on pin /util_ad9361_divclk/clk_out have been updated from connected ip. They may not be synchronized with cell properties. You can set property on pin directly to confirm the value and resolve the warning.
	CLK_DOMAIN=system_util_ad9361_divclk_0_clk_out 
WARNING: [BD 41-927] Following properties on pin /util_ad9361_adc_fifo/din_rst have been updated from connected ip. They may not be synchronized with cell properties. You can set property on pin directly to confirm the value and resolve the warning.
	POLARITY=ACTIVE_HIGH 
WARNING: [BD 41-927] Following properties on pin /util_ad9361_adc_fifo/din_clk have been updated from connected ip. They may not be synchronized with cell properties. You can set property on pin directly to confirm the value and resolve the warning.
	CLK_DOMAIN=system_axi_ad9361_0_l_clk 
WARNING: [BD 41-927] Following properties on pin /util_ad9361_adc_fifo/dout_clk have been updated from connected ip. They may not be synchronized with cell properties. You can set property on pin directly to confirm the value and resolve the warning.
	CLK_DOMAIN=system_util_ad9361_divclk_0_clk_out 
WARNING: [BD 41-927] Following properties on pin /util_ad9361_adc_pack/clk have been updated from connected ip. They may not be synchronized with cell properties. You can set property on pin directly to confirm the value and resolve the warning.
	CLK_DOMAIN=system_util_ad9361_divclk_0_clk_out 
WARNING: [BD 41-927] Following properties on pin /axi_ad9361_dac_fifo/din_clk have been updated from connected ip. They may not be synchronized with cell properties. You can set property on pin directly to confirm the value and resolve the warning.
	CLK_DOMAIN=system_util_ad9361_divclk_0_clk_out 
WARNING: [BD 41-927] Following properties on pin /axi_ad9361_dac_fifo/dout_rst have been updated from connected ip. They may not be synchronized with cell properties. You can set property on pin directly to confirm the value and resolve the warning.
	POLARITY=ACTIVE_HIGH 
WARNING: [BD 41-927] Following properties on pin /axi_ad9361_dac_fifo/dout_clk have been updated from connected ip. They may not be synchronized with cell properties. You can set property on pin directly to confirm the value and resolve the warning.
	CLK_DOMAIN=system_axi_ad9361_0_l_clk 
WARNING: [BD 41-927] Following properties on pin /util_ad9361_dac_upack/clk have been updated from connected ip. They may not be synchronized with cell properties. You can set property on pin directly to confirm the value and resolve the warning.
	CLK_DOMAIN=system_util_ad9361_divclk_0_clk_out 
WARNING: [BD 41-927] Following properties on pin /axi_gpreg/s_axi_aclk have been updated from connected ip. They may not be synchronized with cell properties. You can set property on pin directly to confirm the value and resolve the warning.
	CLK_DOMAIN=system_sys_ps7_0_FCLK_CLK0 
Wrote  : <C:\Users\zhouzhiwen\Desktop\antsdr_standalone\hdl\projects\antsdr_e310\antsdr_lvds\antsdr_ccbob_lvds.srcs\sources_1\bd\system\system.bd> 
VHDL Output written to : C:/Users/zhouzhiwen/Desktop/antsdr_standalone/hdl/projects/antsdr_e310/antsdr_lvds/antsdr_ccbob_lvds.srcs/sources_1/bd/system/synth/system.v
VHDL Output written to : C:/Users/zhouzhiwen/Desktop/antsdr_standalone/hdl/projects/antsdr_e310/antsdr_lvds/antsdr_ccbob_lvds.srcs/sources_1/bd/system/sim/system.v
VHDL Output written to : C:/Users/zhouzhiwen/Desktop/antsdr_standalone/hdl/projects/antsdr_e310/antsdr_lvds/antsdr_ccbob_lvds.srcs/sources_1/bd/system/hdl/system_wrapper.v
INFO: [BD 41-1029] Generation completed for the IP Integrator block sys_ps7 .
INFO: [BD 41-1029] Generation completed for the IP Integrator block axi_iic_main .
INFO: [BD 41-1029] Generation completed for the IP Integrator block sys_concat_intc .
INFO: [BD 41-1029] Generation completed for the IP Integrator block sys_rstgen .
INFO: [BD 41-1029] Generation completed for the IP Integrator block sys_logic_inv .
INFO: [BD 41-1029] Generation completed for the IP Integrator block axi_sysid_0 .
INFO: [BD 41-1029] Generation completed for the IP Integrator block rom_sys_0 .
INFO: [BD 41-1029] Generation completed for the IP Integrator block GND_1 .
INFO: [BD 41-1029] Generation completed for the IP Integrator block axi_cpu_interconnect/xbar .
INFO: [BD 41-1029] Generation completed for the IP Integrator block axi_ad9361 .
INFO: [BD 41-1029] Generation completed for the IP Integrator block util_ad9361_tdd_sync .
INFO: [BD 41-1029] Generation completed for the IP Integrator block util_ad9361_divclk_sel_concat .
INFO: [BD 41-1029] Generation completed for the IP Integrator block util_ad9361_divclk_sel .
INFO: [BD 41-1029] Generation completed for the IP Integrator block util_ad9361_divclk .
INFO: [BD 41-1029] Generation completed for the IP Integrator block util_ad9361_divclk_reset .
INFO: [BD 41-1029] Generation completed for the IP Integrator block util_ad9361_adc_fifo .
INFO: [BD 41-1029] Generation completed for the IP Integrator block util_ad9361_adc_pack .
INFO: [BD 41-1029] Generation completed for the IP Integrator block axi_ad9361_adc_dma .
INFO: [BD 41-1029] Generation completed for the IP Integrator block axi_ad9361_dac_fifo .
INFO: [BD 41-1029] Generation completed for the IP Integrator block util_ad9361_dac_upack .
INFO: [BD 41-1029] Generation completed for the IP Integrator block axi_ad9361_dac_dma .
Exporting to file c:/Users/zhouzhiwen/Desktop/antsdr_standalone/hdl/projects/antsdr_e310/antsdr_lvds/antsdr_ccbob_lvds.srcs/sources_1/bd/system/ip/system_axi_hp1_interconnect_0/bd_0/hw_handoff/system_axi_hp1_interconnect_0.hwh
Generated Block Design Tcl file c:/Users/zhouzhiwen/Desktop/antsdr_standalone/hdl/projects/antsdr_e310/antsdr_lvds/antsdr_ccbob_lvds.srcs/sources_1/bd/system/ip/system_axi_hp1_interconnect_0/bd_0/hw_handoff/system_axi_hp1_interconnect_0_bd.tcl
Generated Hardware Definition File c:/Users/zhouzhiwen/Desktop/antsdr_standalone/hdl/projects/antsdr_e310/antsdr_lvds/antsdr_ccbob_lvds.srcs/sources_1/bd/system/ip/system_axi_hp1_interconnect_0/bd_0/synth/system_axi_hp1_interconnect_0.hwdef
INFO: [BD 41-1029] Generation completed for the IP Integrator block axi_hp1_interconnect .
Exporting to file c:/Users/zhouzhiwen/Desktop/antsdr_standalone/hdl/projects/antsdr_e310/antsdr_lvds/antsdr_ccbob_lvds.srcs/sources_1/bd/system/ip/system_axi_hp2_interconnect_0/bd_0/hw_handoff/system_axi_hp2_interconnect_0.hwh
Generated Block Design Tcl file c:/Users/zhouzhiwen/Desktop/antsdr_standalone/hdl/projects/antsdr_e310/antsdr_lvds/antsdr_ccbob_lvds.srcs/sources_1/bd/system/ip/system_axi_hp2_interconnect_0/bd_0/hw_handoff/system_axi_hp2_interconnect_0_bd.tcl
Generated Hardware Definition File c:/Users/zhouzhiwen/Desktop/antsdr_standalone/hdl/projects/antsdr_e310/antsdr_lvds/antsdr_ccbob_lvds.srcs/sources_1/bd/system/ip/system_axi_hp2_interconnect_0/bd_0/synth/system_axi_hp2_interconnect_0.hwdef
INFO: [BD 41-1029] Generation completed for the IP Integrator block axi_hp2_interconnect .
INFO: [BD 41-1029] Generation completed for the IP Integrator block axi_gpreg .
WARNING: [IP_Flow 19-4994] Overwriting existing constraint file 'c:/Users/zhouzhiwen/Desktop/antsdr_standalone/hdl/projects/antsdr_e310/antsdr_lvds/antsdr_ccbob_lvds.srcs/sources_1/bd/system/ip/system_auto_pc_0/system_auto_pc_0_ooc.xdc'
INFO: [BD 41-1029] Generation completed for the IP Integrator block axi_cpu_interconnect/s00_couplers/auto_pc .
Exporting to file C:/Users/zhouzhiwen/Desktop/antsdr_standalone/hdl/projects/antsdr_e310/antsdr_lvds/antsdr_ccbob_lvds.srcs/sources_1/bd/system/hw_handoff/system.hwh
Generated Block Design Tcl file C:/Users/zhouzhiwen/Desktop/antsdr_standalone/hdl/projects/antsdr_e310/antsdr_lvds/antsdr_ccbob_lvds.srcs/sources_1/bd/system/hw_handoff/system_bd.tcl
Generated Hardware Definition File C:/Users/zhouzhiwen/Desktop/antsdr_standalone/hdl/projects/antsdr_e310/antsdr_lvds/antsdr_ccbob_lvds.srcs/sources_1/bd/system/synth/system.hwdef
[Mon Apr  4 11:02:01 2022] Launched synth_1...
Run output will be captured here: C:/Users/zhouzhiwen/Desktop/antsdr_standalone/hdl/projects/antsdr_e310/antsdr_lvds/antsdr_ccbob_lvds.runs/synth_1/runme.log
[Mon Apr  4 11:02:01 2022] Launched impl_1...
Run output will be captured here: C:/Users/zhouzhiwen/Desktop/antsdr_standalone/hdl/projects/antsdr_e310/antsdr_lvds/antsdr_ccbob_lvds.runs/impl_1/runme.log
launch_runs: Time (s): cpu = 00:00:11 ; elapsed = 00:00:22 . Memory (MB): peak = 3574.988 ; gain = 125.758
file copy -force C:/Users/zhouzhiwen/Desktop/antsdr_standalone/hdl/projects/antsdr_e310/antsdr_lvds/antsdr_ccbob_lvds.runs/impl_1/system_top.sysdef C:/Users/zhouzhiwen/Desktop/antsdr_standalone/hdl/projects/antsdr_e310/antsdr_lvds/antsdr_ccbob_lvds.sdk/system_top.hdf

startgroup
set_property -dict [list CONFIG.MODE_1R1T {1}] [get_bd_cells axi_ad9361]
endgroup
startgroup
set_property -dict [list CONFIG.MODE_1R1T {0}] [get_bd_cells axi_ad9361]
endgroup
startgroup
endgroup
startgroup
endgroup
save_bd_design
Wrote  : <C:\Users\zhouzhiwen\Desktop\antsdr_standalone\hdl\projects\antsdr_e310\antsdr_lvds\antsdr_ccbob_lvds.srcs\sources_1\bd\system\system.bd> 
reset_run synth_1
WARNING: [Vivado 12-1017] Problems encountered:
1. Failed to delete one or more files in run directory C:/Users/zhouzhiwen/Desktop/antsdr_standalone/hdl/projects/antsdr_e310/antsdr_lvds/antsdr_ccbob_lvds.runs/synth_1

launch_runs impl_1 -to_step write_bitstream -jobs 8
WARNING: [BD 41-1284] Cannot set parameter SUGGESTED_PRIORITY on port /sys_ps7/IRQ_F2P
WARNING: [BD 41-1284] Cannot set parameter SUGGESTED_PRIORITY on port /sys_ps7/IRQ_F2P
WARNING: [BD 41-1284] Cannot set parameter SUGGESTED_PRIORITY on port /sys_ps7/IRQ_F2P
WARNING: [BD 41-1284] Cannot set parameter SUGGESTED_PRIORITY on port /sys_ps7/IRQ_F2P
WARNING: [BD 41-1284] Cannot set parameter SUGGESTED_PRIORITY on port /sys_ps7/IRQ_F2P
WARNING: [BD 41-1284] Cannot set parameter SUGGESTED_PRIORITY on port /sys_ps7/IRQ_F2P
WARNING: [BD 41-1284] Cannot set parameter SUGGESTED_PRIORITY on port /sys_ps7/IRQ_F2P
WARNING: [BD 41-1284] Cannot set parameter SUGGESTED_PRIORITY on port /sys_ps7/IRQ_F2P
WARNING: [BD 41-1284] Cannot set parameter SUGGESTED_PRIORITY on port /sys_ps7/IRQ_F2P
WARNING: [BD 41-1284] Cannot set parameter SUGGESTED_PRIORITY on port /sys_ps7/IRQ_F2P
WARNING: [BD 41-1284] Cannot set parameter SUGGESTED_PRIORITY on port /sys_ps7/IRQ_F2P
WARNING: [BD 41-1284] Cannot set parameter SUGGESTED_PRIORITY on port /sys_ps7/IRQ_F2P
WARNING: [BD 41-1284] Cannot set parameter SUGGESTED_PRIORITY on port /sys_ps7/IRQ_F2P
WARNING: [BD 41-1284] Cannot set parameter SUGGESTED_PRIORITY on port /sys_ps7/IRQ_F2P
WARNING: [BD 41-1284] Cannot set parameter SUGGESTED_PRIORITY on port /sys_ps7/IRQ_F2P
WARNING: [BD 41-1284] Cannot set parameter SUGGESTED_PRIORITY on port /sys_ps7/IRQ_F2P
WARNING: [BD 41-1284] Cannot set parameter SUGGESTED_PRIORITY on port /sys_ps7/IRQ_F2P
WARNING: [BD 41-1284] Cannot set parameter SUGGESTED_PRIORITY on port /sys_ps7/IRQ_F2P
WARNING: [#UNDEF] When using EMIO pins for SPI_0 tie SSIN High in the PL bitstream
WARNING: [#UNDEF] When using EMIO pins for SPI_1 tie SSIN High in the PL bitstream
WARNING: [BD 41-1284] Cannot set parameter SUGGESTED_PRIORITY on port /sys_ps7/IRQ_F2P
WARNING: [BD 41-1284] Cannot set parameter SUGGESTED_PRIORITY on port /sys_ps7/IRQ_F2P
WARNING: [BD 41-1284] Cannot set parameter SUGGESTED_PRIORITY on port /sys_ps7/IRQ_F2P
WARNING: [BD 41-1284] Cannot set parameter SUGGESTED_PRIORITY on port /sys_ps7/IRQ_F2P
WARNING: [BD 41-1284] Cannot set parameter SUGGESTED_PRIORITY on port /sys_ps7/IRQ_F2P
WARNING: [BD 41-1284] Cannot set parameter SUGGESTED_PRIORITY on port /sys_ps7/IRQ_F2P
WARNING: [#UNDEF] When using EMIO pins for SPI_0 tie SSIN High in the PL bitstream
WARNING: [#UNDEF] When using EMIO pins for SPI_1 tie SSIN High in the PL bitstream
WARNING: [BD 41-927] Following properties on pin /axi_sysid_0/s_axi_aclk have been updated from connected ip. They may not be synchronized with cell properties. You can set property on pin directly to confirm the value and resolve the warning.
	CLK_DOMAIN=system_sys_ps7_0_FCLK_CLK0 
WARNING: [BD 41-927] Following properties on pin /rom_sys_0/clk have been updated from connected ip. They may not be synchronized with cell properties. You can set property on pin directly to confirm the value and resolve the warning.
	CLK_DOMAIN=system_sys_ps7_0_FCLK_CLK0 
WARNING: [BD 41-927] Following properties on pin /axi_ad9361/delay_clk have been updated from connected ip. They may not be synchronized with cell properties. You can set property on pin directly to confirm the value and resolve the warning.
	CLK_DOMAIN=system_sys_ps7_0_FCLK_CLK1 
WARNING: [BD 41-927] Following properties on pin /axi_ad9361/l_clk have been updated from connected ip. They may not be synchronized with cell properties. You can set property on pin directly to confirm the value and resolve the warning.
	CLK_DOMAIN=system_axi_ad9361_0_l_clk 
WARNING: [BD 41-927] Following properties on pin /axi_ad9361/clk have been updated from connected ip. They may not be synchronized with cell properties. You can set property on pin directly to confirm the value and resolve the warning.
	CLK_DOMAIN=system_axi_ad9361_0_l_clk 
WARNING: [BD 41-927] Following properties on pin /axi_ad9361/s_axi_aclk have been updated from connected ip. They may not be synchronized with cell properties. You can set property on pin directly to confirm the value and resolve the warning.
	CLK_DOMAIN=system_sys_ps7_0_FCLK_CLK0 
WARNING: [BD 41-927] Following properties on pin /util_ad9361_tdd_sync/clk have been updated from connected ip. They may not be synchronized with cell properties. You can set property on pin directly to confirm the value and resolve the warning.
	CLK_DOMAIN=system_sys_ps7_0_FCLK_CLK0 
WARNING: [BD 41-927] Following properties on pin /util_ad9361_divclk/clk have been updated from connected ip. They may not be synchronized with cell properties. You can set property on pin directly to confirm the value and resolve the warning.
	CLK_DOMAIN=system_axi_ad9361_0_l_clk 
WARNING: [BD 41-927] Following properties on pin /util_ad9361_divclk/clk_out have been updated from connected ip. They may not be synchronized with cell properties. You can set property on pin directly to confirm the value and resolve the warning.
	CLK_DOMAIN=system_util_ad9361_divclk_0_clk_out 
WARNING: [BD 41-927] Following properties on pin /util_ad9361_adc_fifo/din_rst have been updated from connected ip. They may not be synchronized with cell properties. You can set property on pin directly to confirm the value and resolve the warning.
	POLARITY=ACTIVE_HIGH 
WARNING: [BD 41-927] Following properties on pin /util_ad9361_adc_fifo/din_clk have been updated from connected ip. They may not be synchronized with cell properties. You can set property on pin directly to confirm the value and resolve the warning.
	CLK_DOMAIN=system_axi_ad9361_0_l_clk 
WARNING: [BD 41-927] Following properties on pin /util_ad9361_adc_fifo/dout_clk have been updated from connected ip. They may not be synchronized with cell properties. You can set property on pin directly to confirm the value and resolve the warning.
	CLK_DOMAIN=system_util_ad9361_divclk_0_clk_out 
WARNING: [BD 41-927] Following properties on pin /util_ad9361_adc_pack/clk have been updated from connected ip. They may not be synchronized with cell properties. You can set property on pin directly to confirm the value and resolve the warning.
	CLK_DOMAIN=system_util_ad9361_divclk_0_clk_out 
WARNING: [BD 41-927] Following properties on pin /axi_ad9361_dac_fifo/din_clk have been updated from connected ip. They may not be synchronized with cell properties. You can set property on pin directly to confirm the value and resolve the warning.
	CLK_DOMAIN=system_util_ad9361_divclk_0_clk_out 
WARNING: [BD 41-927] Following properties on pin /axi_ad9361_dac_fifo/dout_rst have been updated from connected ip. They may not be synchronized with cell properties. You can set property on pin directly to confirm the value and resolve the warning.
	POLARITY=ACTIVE_HIGH 
WARNING: [BD 41-927] Following properties on pin /axi_ad9361_dac_fifo/dout_clk have been updated from connected ip. They may not be synchronized with cell properties. You can set property on pin directly to confirm the value and resolve the warning.
	CLK_DOMAIN=system_axi_ad9361_0_l_clk 
WARNING: [BD 41-927] Following properties on pin /util_ad9361_dac_upack/clk have been updated from connected ip. They may not be synchronized with cell properties. You can set property on pin directly to confirm the value and resolve the warning.
	CLK_DOMAIN=system_util_ad9361_divclk_0_clk_out 
WARNING: [BD 41-927] Following properties on pin /axi_gpreg/s_axi_aclk have been updated from connected ip. They may not be synchronized with cell properties. You can set property on pin directly to confirm the value and resolve the warning.
	CLK_DOMAIN=system_sys_ps7_0_FCLK_CLK0 
Wrote  : <C:\Users\zhouzhiwen\Desktop\antsdr_standalone\hdl\projects\antsdr_e310\antsdr_lvds\antsdr_ccbob_lvds.srcs\sources_1\bd\system\system.bd> 
VHDL Output written to : C:/Users/zhouzhiwen/Desktop/antsdr_standalone/hdl/projects/antsdr_e310/antsdr_lvds/antsdr_ccbob_lvds.srcs/sources_1/bd/system/synth/system.v
VHDL Output written to : C:/Users/zhouzhiwen/Desktop/antsdr_standalone/hdl/projects/antsdr_e310/antsdr_lvds/antsdr_ccbob_lvds.srcs/sources_1/bd/system/sim/system.v
VHDL Output written to : C:/Users/zhouzhiwen/Desktop/antsdr_standalone/hdl/projects/antsdr_e310/antsdr_lvds/antsdr_ccbob_lvds.srcs/sources_1/bd/system/hdl/system_wrapper.v
INFO: [BD 41-1029] Generation completed for the IP Integrator block sys_ps7 .
INFO: [BD 41-1029] Generation completed for the IP Integrator block axi_iic_main .
INFO: [BD 41-1029] Generation completed for the IP Integrator block sys_concat_intc .
INFO: [BD 41-1029] Generation completed for the IP Integrator block sys_rstgen .
INFO: [BD 41-1029] Generation completed for the IP Integrator block sys_logic_inv .
INFO: [BD 41-1029] Generation completed for the IP Integrator block axi_sysid_0 .
INFO: [BD 41-1029] Generation completed for the IP Integrator block rom_sys_0 .
INFO: [BD 41-1029] Generation completed for the IP Integrator block GND_1 .
INFO: [BD 41-1029] Generation completed for the IP Integrator block axi_cpu_interconnect/xbar .
INFO: [BD 41-1029] Generation completed for the IP Integrator block axi_ad9361 .
INFO: [BD 41-1029] Generation completed for the IP Integrator block util_ad9361_tdd_sync .
INFO: [BD 41-1029] Generation completed for the IP Integrator block util_ad9361_divclk_sel_concat .
INFO: [BD 41-1029] Generation completed for the IP Integrator block util_ad9361_divclk_sel .
INFO: [BD 41-1029] Generation completed for the IP Integrator block util_ad9361_divclk .
INFO: [BD 41-1029] Generation completed for the IP Integrator block util_ad9361_divclk_reset .
INFO: [BD 41-1029] Generation completed for the IP Integrator block util_ad9361_adc_fifo .
INFO: [BD 41-1029] Generation completed for the IP Integrator block util_ad9361_adc_pack .
INFO: [BD 41-1029] Generation completed for the IP Integrator block axi_ad9361_adc_dma .
INFO: [BD 41-1029] Generation completed for the IP Integrator block axi_ad9361_dac_fifo .
INFO: [BD 41-1029] Generation completed for the IP Integrator block util_ad9361_dac_upack .
INFO: [BD 41-1029] Generation completed for the IP Integrator block axi_ad9361_dac_dma .
Exporting to file c:/Users/zhouzhiwen/Desktop/antsdr_standalone/hdl/projects/antsdr_e310/antsdr_lvds/antsdr_ccbob_lvds.srcs/sources_1/bd/system/ip/system_axi_hp1_interconnect_0/bd_0/hw_handoff/system_axi_hp1_interconnect_0.hwh
Generated Block Design Tcl file c:/Users/zhouzhiwen/Desktop/antsdr_standalone/hdl/projects/antsdr_e310/antsdr_lvds/antsdr_ccbob_lvds.srcs/sources_1/bd/system/ip/system_axi_hp1_interconnect_0/bd_0/hw_handoff/system_axi_hp1_interconnect_0_bd.tcl
Generated Hardware Definition File c:/Users/zhouzhiwen/Desktop/antsdr_standalone/hdl/projects/antsdr_e310/antsdr_lvds/antsdr_ccbob_lvds.srcs/sources_1/bd/system/ip/system_axi_hp1_interconnect_0/bd_0/synth/system_axi_hp1_interconnect_0.hwdef
INFO: [BD 41-1029] Generation completed for the IP Integrator block axi_hp1_interconnect .
Exporting to file c:/Users/zhouzhiwen/Desktop/antsdr_standalone/hdl/projects/antsdr_e310/antsdr_lvds/antsdr_ccbob_lvds.srcs/sources_1/bd/system/ip/system_axi_hp2_interconnect_0/bd_0/hw_handoff/system_axi_hp2_interconnect_0.hwh
Generated Block Design Tcl file c:/Users/zhouzhiwen/Desktop/antsdr_standalone/hdl/projects/antsdr_e310/antsdr_lvds/antsdr_ccbob_lvds.srcs/sources_1/bd/system/ip/system_axi_hp2_interconnect_0/bd_0/hw_handoff/system_axi_hp2_interconnect_0_bd.tcl
Generated Hardware Definition File c:/Users/zhouzhiwen/Desktop/antsdr_standalone/hdl/projects/antsdr_e310/antsdr_lvds/antsdr_ccbob_lvds.srcs/sources_1/bd/system/ip/system_axi_hp2_interconnect_0/bd_0/synth/system_axi_hp2_interconnect_0.hwdef
INFO: [BD 41-1029] Generation completed for the IP Integrator block axi_hp2_interconnect .
INFO: [BD 41-1029] Generation completed for the IP Integrator block axi_gpreg .
WARNING: [IP_Flow 19-4994] Overwriting existing constraint file 'c:/Users/zhouzhiwen/Desktop/antsdr_standalone/hdl/projects/antsdr_e310/antsdr_lvds/antsdr_ccbob_lvds.srcs/sources_1/bd/system/ip/system_auto_pc_0/system_auto_pc_0_ooc.xdc'
INFO: [BD 41-1029] Generation completed for the IP Integrator block axi_cpu_interconnect/s00_couplers/auto_pc .
Exporting to file C:/Users/zhouzhiwen/Desktop/antsdr_standalone/hdl/projects/antsdr_e310/antsdr_lvds/antsdr_ccbob_lvds.srcs/sources_1/bd/system/hw_handoff/system.hwh
Generated Block Design Tcl file C:/Users/zhouzhiwen/Desktop/antsdr_standalone/hdl/projects/antsdr_e310/antsdr_lvds/antsdr_ccbob_lvds.srcs/sources_1/bd/system/hw_handoff/system_bd.tcl
Generated Hardware Definition File C:/Users/zhouzhiwen/Desktop/antsdr_standalone/hdl/projects/antsdr_e310/antsdr_lvds/antsdr_ccbob_lvds.srcs/sources_1/bd/system/synth/system.hwdef
[Mon Apr  4 12:39:13 2022] Launched synth_1...
Run output will be captured here: C:/Users/zhouzhiwen/Desktop/antsdr_standalone/hdl/projects/antsdr_e310/antsdr_lvds/antsdr_ccbob_lvds.runs/synth_1/runme.log
[Mon Apr  4 12:39:13 2022] Launched impl_1...
Run output will be captured here: C:/Users/zhouzhiwen/Desktop/antsdr_standalone/hdl/projects/antsdr_e310/antsdr_lvds/antsdr_ccbob_lvds.runs/impl_1/runme.log
launch_runs: Time (s): cpu = 00:00:12 ; elapsed = 00:00:21 . Memory (MB): peak = 3757.340 ; gain = 120.191
file copy -force C:/Users/zhouzhiwen/Desktop/antsdr_standalone/hdl/projects/antsdr_e310/antsdr_lvds/antsdr_ccbob_lvds.runs/impl_1/system_top.sysdef C:/Users/zhouzhiwen/Desktop/antsdr_standalone/hdl/projects/antsdr_e310/antsdr_lvds/antsdr_ccbob_lvds.sdk/system_top.hdf

exit
INFO: [Common 17-206] Exiting Vivado at Mon Apr  4 13:05:12 2022...
