#-----------------------------------------------------------
# Webtalk v2018.3 (64-bit)
# SW Build 2405991 on Thu Dec  6 23:38:27 MST 2018
# 
# Start of session at: Mon Apr 11 06:33:07 2022
# Process ID: 24632
# Current directory: C:/Users/zhouzhiwen/Desktop/antsdr_standalone/hdl/projects/antsdr_e310/antsdr_lvds/antsdr_ccbob_lvds.sdk/webtalk
# Command line: wbtcv.exe -mode batch -source sdk_webtalk.tcl
# Log file: C:/Users/zhouzhiwen/Desktop/antsdr_standalone/hdl/projects/antsdr_e310/antsdr_lvds/antsdr_ccbob_lvds.sdk/webtalk/webtalk.log
# Journal file: C:/Users/zhouzhiwen/Desktop/antsdr_standalone/hdl/projects/antsdr_e310/antsdr_lvds/antsdr_ccbob_lvds.sdk/webtalk\webtalk.jou
#-----------------------------------------------------------
source sdk_webtalk.tcl
# webtalk_init -webtalk_dir C:\\Users\\zhouzhiwen\\Desktop\\antsdr_standalone\\hdl\\projects\\antsdr_e310\\antsdr_lvds\\antsdr_ccbob_lvds.sdk\\webtalk
# webtalk_register_client -client project
# webtalk_add_data -client project -key date_generated -value "2022-04-11 06:33:06" -context "software_version_and_target_device"
# webtalk_add_data -client project -key product_version -value "SDK v2018.3" -context "software_version_and_target_device"
# webtalk_add_data -client project -key build_version -value "2018.3" -context "software_version_and_target_device"
# webtalk_add_data -client project -key os_platform -value "amd64" -context "software_version_and_target_device"
# webtalk_add_data -client project -key registration_id -value "" -context "software_version_and_target_device"
# webtalk_add_data -client project -key tool_flow -value "SDK" -context "software_version_and_target_device"
# webtalk_add_data -client project -key beta -value "false" -context "software_version_and_target_device"
# webtalk_add_data -client project -key route_design -value "NA" -context "software_version_and_target_device"
# webtalk_add_data -client project -key target_family -value "NA" -context "software_version_and_target_device"
# webtalk_add_data -client project -key target_device -value "NA" -context "software_version_and_target_device"
# webtalk_add_data -client project -key target_package -value "NA" -context "software_version_and_target_device"
# webtalk_add_data -client project -key target_speed -value "NA" -context "software_version_and_target_device"
# webtalk_add_data -client project -key random_id -value "sqviqsmpipigpljbuvltpkcjhs" -context "software_version_and_target_device"
# webtalk_add_data -client project -key project_id -value "2018.3_10" -context "software_version_and_target_device"
# webtalk_add_data -client project -key project_iteration -value "10" -context "software_version_and_target_device"
# webtalk_add_data -client project -key os_name -value "Microsoft Windows 8 or later , 64-bit" -context "user_environment"
# webtalk_add_data -client project -key os_release -value "major release  (build 9200)" -context "user_environment"
# webtalk_add_data -client project -key cpu_name -value "AMD Ryzen 7 5800X 8-Core Processor             " -context "user_environment"
# webtalk_add_data -client project -key cpu_speed -value "3800 MHz" -context "user_environment"
# webtalk_add_data -client project -key total_processors -value "1" -context "user_environment"
# webtalk_add_data -client project -key system_ram -value "68.630 GB" -context "user_environment"
# webtalk_register_client -client sdk
# webtalk_add_data -client sdk -key uid -value "1649601863953" -context "sdk\\\\bsp/1649601863953"
# webtalk_add_data -client sdk -key hwid -value "1648917424086" -context "sdk\\\\bsp/1649601863953"
# webtalk_add_data -client sdk -key os -value "standalone" -context "sdk\\\\bsp/1649601863953"
# webtalk_add_data -client sdk -key apptemplate -value "lwip_udp_perf_server" -context "sdk\\\\bsp/1649601863953"
# webtalk_add_data -client sdk -key RecordType -value "BSPCreation" -context "sdk\\\\bsp/1649601863953"
# webtalk_add_data -client sdk -key uid -value "1649601867563" -context "sdk\\\\application/1649601867563"
# webtalk_add_data -client sdk -key hwid -value "1648917424086" -context "sdk\\\\application/1649601867563"
# webtalk_add_data -client sdk -key bspid -value "1649601863953" -context "sdk\\\\application/1649601867563"
# webtalk_add_data -client sdk -key newbsp -value "true" -context "sdk\\\\application/1649601867563"
# webtalk_add_data -client sdk -key os -value "standalone" -context "sdk\\\\application/1649601867563"
# webtalk_add_data -client sdk -key apptemplate -value "lwip_udp_perf_server" -context "sdk\\\\application/1649601867563"
# webtalk_add_data -client sdk -key RecordType -value "APPCreation" -context "sdk\\\\application/1649601867563"
# webtalk_add_data -client sdk -key LangUsed -value "C" -context "sdk\\\\application/1649601867563"
# webtalk_add_data -client sdk -key Procused -value "ps7_cortexa9" -context "sdk\\\\application/1649601867563"
# webtalk_add_data -client sdk -key projSize -value "961.94140625" -context "sdk\\\\application/1649601867563"
# webtalk_add_data -client sdk -key uid -value "NA" -context "sdk\\\\bsp/1649629986481"
# webtalk_add_data -client sdk -key RecordType -value "ToolUsage" -context "sdk\\\\bsp/1649629986481"
# webtalk_add_data -client sdk -key BootgenCount -value "9" -context "sdk\\\\bsp/1649629986481"
# webtalk_add_data -client sdk -key DebugCount -value "20" -context "sdk\\\\bsp/1649629986481"
# webtalk_add_data -client sdk -key PerfCount -value "0" -context "sdk\\\\bsp/1649629986481"
# webtalk_add_data -client sdk -key FlashCount -value "0" -context "sdk\\\\bsp/1649629986481"
# webtalk_add_data -client sdk -key CrossTriggCount -value "0" -context "sdk\\\\bsp/1649629986481"
# webtalk_add_data -client sdk -key QemuDebugCount -value "0" -context "sdk\\\\bsp/1649629986481"
# webtalk_transmit -clientid 2008210393 -regid "" -xml C:\\Users\\zhouzhiwen\\Desktop\\antsdr_standalone\\hdl\\projects\\antsdr_e310\\antsdr_lvds\\antsdr_ccbob_lvds.sdk\\webtalk\\usage_statistics_ext_sdk.xml -html C:\\Users\\zhouzhiwen\\Desktop\\antsdr_standalone\\hdl\\projects\\antsdr_e310\\antsdr_lvds\\antsdr_ccbob_lvds.sdk\\webtalk\\usage_statistics_ext_sdk.html -wdm C:\\Users\\zhouzhiwen\\Desktop\\antsdr_standalone\\hdl\\projects\\antsdr_e310\\antsdr_lvds\\antsdr_ccbob_lvds.sdk\\webtalk\\sdk_webtalk.wdm -intro "<H3>SDK Usage Report</H3><BR>"
# webtalk_terminate
INFO: [Common 17-206] Exiting Webtalk at Mon Apr 11 06:33:08 2022...
